{"meta": {"format": 3, "version": "7.12.0", "timestamp": "2025-11-20T15:45:27.392482", "branch_coverage": false, "show_contexts": false}, "files": {"src/pylxpweb/__init__.py": {"executed_lines": [1, 3, 5, 6, 15, 23, 24], "summary": {"covered_lines": 6, "num_statements": 6, "percent_covered": 100.0, "percent_covered_display": "100.00", "missing_lines": 0, "excluded_lines": 0, "percent_statements_covered": 100.0, "percent_statements_covered_display": "100.00"}, "missing_lines": [], "excluded_lines": [], "functions": {"": {"executed_lines": [1, 3, 5, 6, 15, 23, 24], "summary": {"covered_lines": 6, "num_statements": 6, "percent_covered": 100.0, "percent_covered_display": "100.00", "missing_lines": 0, "excluded_lines": 0, "percent_statements_covered": 100.0, "percent_statements_covered_display": "100.00"}, "missing_lines": [], "excluded_lines": []}}, "classes": {"": {"executed_lines": [1, 3, 5, 6, 15, 23, 24], "summary": {"covered_lines": 6, "num_statements": 6, "percent_covered": 100.0, "percent_covered_display": "100.00", "missing_lines": 0, "excluded_lines": 0, "percent_statements_covered": 100.0, "percent_statements_covered_display": "100.00"}, "missing_lines": [], "excluded_lines": []}}}, "src/pylxpweb/api_namespace.py": {"executed_lines": [1, 13, 15, 17, 30, 31, 51, 57, 60, 61, 62, 63, 64, 65, 66, 68, 69, 86, 87, 89, 90, 92, 93, 113, 114, 116, 117, 119, 120, 140, 141, 143, 144, 146, 147, 165, 166, 168, 169, 171, 172, 189, 190, 192, 193, 195, 196, 213, 214, 216, 217, 219, 220, 237, 238, 240, 241], "summary": {"covered_lines": 54, "num_statements": 54, "percent_covered": 100.0, "percent_covered_display": "100.00", "missing_lines": 0, "excluded_lines": 3, "percent_statements_covered": 100.0, "percent_statements_covered_display": "100.00"}, "missing_lines": [], "excluded_lines": [17, 18, 19], "functions": {"APINamespace.__init__": {"executed_lines": [57, 60, 61, 62, 63, 64, 65, 66], "summary": {"covered_lines": 8, "num_statements": 8, "percent_covered": 100.0, "percent_covered_display": "100.00", "missing_lines": 0, "excluded_lines": 0, "percent_statements_covered": 100.0, "percent_statements_covered_display": "100.00"}, "missing_lines": [], "excluded_lines": []}, "APINamespace.plants": {"executed_lines": [86, 87, 89, 90], "summary": {"covered_lines": 4, "num_statements": 4, "percent_covered": 100.0, "percent_covered_display": "100.00", "missing_lines": 0, "excluded_lines": 0, "percent_statements_covered": 100.0, "percent_statements_covered_display": "100.00"}, "missing_lines": [], "excluded_lines": []}, "APINamespace.devices": {"executed_lines": [113, 114, 116, 117], "summary": {"covered_lines": 4, "num_statements": 4, "percent_covered": 100.0, "percent_covered_display": "100.00", "missing_lines": 0, "excluded_lines": 0, "percent_statements_covered": 100.0, "percent_statements_covered_display": "100.00"}, "missing_lines": [], "excluded_lines": []}, "APINamespace.control": {"executed_lines": [140, 141, 143, 144], "summary": {"covered_lines": 4, "num_statements": 4, "percent_covered": 100.0, "percent_covered_display": "100.00", "missing_lines": 0, "excluded_lines": 0, "percent_statements_covered": 100.0, "percent_statements_covered_display": "100.00"}, "missing_lines": [], "excluded_lines": []}, "APINamespace.analytics": {"executed_lines": [165, 166, 168, 169], "summary": {"covered_lines": 4, "num_statements": 4, "percent_covered": 100.0, "percent_covered_display": "100.00", "missing_lines": 0, "excluded_lines": 0, "percent_statements_covered": 100.0, "percent_statements_covered_display": "100.00"}, "missing_lines": [], "excluded_lines": []}, "APINamespace.forecasting": {"executed_lines": [189, 190, 192, 193], "summary": {"covered_lines": 4, "num_statements": 4, "percent_covered": 100.0, "percent_covered_display": "100.00", "missing_lines": 0, "excluded_lines": 0, "percent_statements_covered": 100.0, "percent_statements_covered_display": "100.00"}, "missing_lines": [], "excluded_lines": []}, "APINamespace.export": {"executed_lines": [213, 214, 216, 217], "summary": {"covered_lines": 4, "num_statements": 4, "percent_covered": 100.0, "percent_covered_display": "100.00", "missing_lines": 0, "excluded_lines": 0, "percent_statements_covered": 100.0, "percent_statements_covered_display": "100.00"}, "missing_lines": [], "excluded_lines": []}, "APINamespace.firmware": {"executed_lines": [237, 238, 240, 241], "summary": {"covered_lines": 4, "num_statements": 4, "percent_covered": 100.0, "percent_covered_display": "100.00", "missing_lines": 0, "excluded_lines": 0, "percent_statements_covered": 100.0, "percent_statements_covered_display": "100.00"}, "missing_lines": [], "excluded_lines": []}, "": {"executed_lines": [1, 13, 15, 17, 30, 31, 51, 68, 69, 92, 93, 119, 120, 146, 147, 171, 172, 195, 196, 219, 220], "summary": {"covered_lines": 18, "num_statements": 18, "percent_covered": 100.0, "percent_covered_display": "100.00", "missing_lines": 0, "excluded_lines": 3, "percent_statements_covered": 100.0, "percent_statements_covered_display": "100.00"}, "missing_lines": [], "excluded_lines": [17, 18, 19]}}, "classes": {"APINamespace": {"executed_lines": [57, 60, 61, 62, 63, 64, 65, 66, 86, 87, 89, 90, 113, 114, 116, 117, 140, 141, 143, 144, 165, 166, 168, 169, 189, 190, 192, 193, 213, 214, 216, 217, 237, 238, 240, 241], "summary": {"covered_lines": 36, "num_statements": 36, "percent_covered": 100.0, "percent_covered_display": "100.00", "missing_lines": 0, "excluded_lines": 0, "percent_statements_covered": 100.0, "percent_statements_covered_display": "100.00"}, "missing_lines": [], "excluded_lines": []}, "": {"executed_lines": [1, 13, 15, 17, 30, 31, 51, 68, 69, 92, 93, 119, 120, 146, 147, 171, 172, 195, 196, 219, 220], "summary": {"covered_lines": 18, "num_statements": 18, "percent_covered": 100.0, "percent_covered_display": "100.00", "missing_lines": 0, "excluded_lines": 3, "percent_statements_covered": 100.0, "percent_statements_covered_display": "100.00"}, "missing_lines": [], "excluded_lines": [17, 18, 19]}}}, "src/pylxpweb/client.py": {"executed_lines": [1, 15, 17, 18, 19, 20, 21, 22, 24, 25, 27, 28, 37, 42, 44, 47, 48, 64, 86, 87, 88, 89, 90, 93, 94, 95, 96, 97, 100, 101, 112, 118, 119, 122, 125, 126, 127, 128, 129, 130, 131, 133, 135, 136, 138, 145, 147, 153, 154, 156, 157, 158, 159, 161, 163, 169, 170, 174, 175, 199, 200, 201, 205, 206, 208, 209, 210, 212, 213, 215, 216, 217, 219, 220, 222, 223, 224, 226, 227, 233, 234, 240, 241, 247, 248, 254, 256, 257, 258, 259, 260, 262, 264, 269, 270, 272, 278, 279, 280, 281, 283, 287, 288, 295, 297, 298, 300, 302, 303, 305, 306, 307, 310, 311, 313, 315, 320, 322, 323, 330, 343, 365, 391, 418, 419, 420, 421, 422, 425, 427, 428, 430, 435, 436, 437, 438, 441, 449, 450, 452, 453, 455, 456, 457, 459, 460, 461, 471, 472, 473, 476, 477, 478, 486, 495, 497, 503, 504, 507, 508, 509, 511, 513, 515], "summary": {"covered_lines": 162, "num_statements": 200, "percent_covered": 81.0, "percent_covered_display": "81.00", "missing_lines": 38, "excluded_lines": 0, "percent_statements_covered": 81.0, "percent_statements_covered_display": "81.00"}, "missing_lines": [229, 230, 231, 236, 237, 238, 243, 244, 245, 250, 251, 252, 265, 308, 324, 340, 341, 354, 356, 357, 359, 379, 381, 383, 384, 386, 442, 443, 445, 446, 462, 464, 474, 480, 481, 482, 516, 517], "excluded_lines": [], "functions": {"LuxpowerClient.__init__": {"executed_lines": [86, 87, 88, 89, 90, 93, 94, 95, 96, 97, 100, 101, 112, 118, 119, 122, 125, 126, 127, 128, 129, 130, 131], "summary": {"covered_lines": 23, "num_statements": 23, "percent_covered": 100.0, "percent_covered_display": "100.00", "missing_lines": 0, "excluded_lines": 0, "percent_statements_covered": 100.0, "percent_statements_covered_display": "100.00"}, "missing_lines": [], "excluded_lines": []}, "LuxpowerClient.__aenter__": {"executed_lines": [135, 136], "summary": {"covered_lines": 2, "num_statements": 2, "percent_covered": 100.0, "percent_covered_display": "100.00", "missing_lines": 0, "excluded_lines": 0, "percent_statements_covered": 100.0, "percent_statements_covered_display": "100.00"}, "missing_lines": [], "excluded_lines": []}, "LuxpowerClient.__aexit__": {"executed_lines": [145], "summary": {"covered_lines": 1, "num_statements": 1, "percent_covered": 100.0, "percent_covered_display": "100.00", "missing_lines": 0, "excluded_lines": 0, "percent_statements_covered": 100.0, "percent_statements_covered_display": "100.00"}, "missing_lines": [], "excluded_lines": []}, "LuxpowerClient._get_session": {"executed_lines": [153, 154, 156, 157, 158, 159, 161], "summary": {"covered_lines": 7, "num_statements": 7, "percent_covered": 100.0, "percent_covered_display": "100.00", "missing_lines": 0, "excluded_lines": 0, "percent_statements_covered": 100.0, "percent_statements_covered_display": "100.00"}, "missing_lines": [], "excluded_lines": []}, "LuxpowerClient.close": {"executed_lines": [169, 170], "summary": {"covered_lines": 2, "num_statements": 2, "percent_covered": 100.0, "percent_covered_display": "100.00", "missing_lines": 0, "excluded_lines": 0, "percent_statements_covered": 100.0, "percent_statements_covered_display": "100.00"}, "missing_lines": [], "excluded_lines": []}, "LuxpowerClient.api": {"executed_lines": [199, 200, 201], "summary": {"covered_lines": 3, "num_statements": 3, "percent_covered": 100.0, "percent_covered_display": "100.00", "missing_lines": 0, "excluded_lines": 0, "percent_statements_covered": 100.0, "percent_statements_covered_display": "100.00"}, "missing_lines": [], "excluded_lines": []}, "LuxpowerClient.plants": {"executed_lines": [208, 209, 210], "summary": {"covered_lines": 3, "num_statements": 3, "percent_covered": 100.0, "percent_covered_display": "100.00", "missing_lines": 0, "excluded_lines": 0, "percent_statements_covered": 100.0, "percent_statements_covered_display": "100.00"}, "missing_lines": [], "excluded_lines": []}, "LuxpowerClient.devices": {"executed_lines": [215, 216, 217], "summary": {"covered_lines": 3, "num_statements": 3, "percent_covered": 100.0, "percent_covered_display": "100.00", "missing_lines": 0, "excluded_lines": 0, "percent_statements_covered": 100.0, "percent_statements_covered_display": "100.00"}, "missing_lines": [], "excluded_lines": []}, "LuxpowerClient.control": {"executed_lines": [222, 223, 224], "summary": {"covered_lines": 3, "num_statements": 3, "percent_covered": 100.0, "percent_covered_display": "100.00", "missing_lines": 0, "excluded_lines": 0, "percent_statements_covered": 100.0, "percent_statements_covered_display": "100.00"}, "missing_lines": [], "excluded_lines": []}, "LuxpowerClient.analytics": {"executed_lines": [], "summary": {"covered_lines": 0, "num_statements": 3, "percent_covered": 0.0, "percent_covered_display": "0.00", "missing_lines": 3, "excluded_lines": 0, "percent_statements_covered": 0.0, "percent_statements_covered_display": "0.00"}, "missing_lines": [229, 230, 231], "excluded_lines": []}, "LuxpowerClient.forecasting": {"executed_lines": [], "summary": {"covered_lines": 0, "num_statements": 3, "percent_covered": 0.0, "percent_covered_display": "0.00", "missing_lines": 3, "excluded_lines": 0, "percent_statements_covered": 0.0, "percent_statements_covered_display": "0.00"}, "missing_lines": [236, 237, 238], "excluded_lines": []}, "LuxpowerClient.export": {"executed_lines": [], "summary": {"covered_lines": 0, "num_statements": 3, "percent_covered": 0.0, "percent_covered_display": "0.00", "missing_lines": 3, "excluded_lines": 0, "percent_statements_covered": 0.0, "percent_statements_covered_display": "0.00"}, "missing_lines": [243, 244, 245], "excluded_lines": []}, "LuxpowerClient.firmware": {"executed_lines": [], "summary": {"covered_lines": 0, "num_statements": 3, "percent_covered": 0.0, "percent_covered_display": "0.00", "missing_lines": 3, "excluded_lines": 0, "percent_statements_covered": 0.0, "percent_statements_covered_display": "0.00"}, "missing_lines": [250, 251, 252], "excluded_lines": []}, "LuxpowerClient._apply_backoff": {"executed_lines": [256, 257, 258, 259, 260], "summary": {"covered_lines": 5, "num_statements": 5, "percent_covered": 100.0, "percent_covered_display": "100.00", "missing_lines": 0, "excluded_lines": 0, "percent_statements_covered": 100.0, "percent_statements_covered_display": "100.00"}, "missing_lines": [], "excluded_lines": []}, "LuxpowerClient._handle_request_success": {"executed_lines": [264, 269, 270], "summary": {"covered_lines": 3, "num_statements": 4, "percent_covered": 75.0, "percent_covered_display": "75.00", "missing_lines": 1, "excluded_lines": 0, "percent_statements_covered": 75.0, "percent_statements_covered_display": "75.00"}, "missing_lines": [265], "excluded_lines": []}, "LuxpowerClient._handle_request_error": {"executed_lines": [278, 279, 280, 281, 283, 287, 288], "summary": {"covered_lines": 7, "num_statements": 7, "percent_covered": 100.0, "percent_covered_display": "100.00", "missing_lines": 0, "excluded_lines": 0, "percent_statements_covered": 100.0, "percent_statements_covered_display": "100.00"}, "missing_lines": [], "excluded_lines": []}, "LuxpowerClient._get_cache_key": {"executed_lines": [297, 298], "summary": {"covered_lines": 2, "num_statements": 2, "percent_covered": 100.0, "percent_covered_display": "100.00", "missing_lines": 0, "excluded_lines": 0, "percent_statements_covered": 100.0, "percent_statements_covered_display": "100.00"}, "missing_lines": [], "excluded_lines": []}, "LuxpowerClient._is_cache_valid": {"executed_lines": [302, 303, 305, 306, 307, 310, 311], "summary": {"covered_lines": 7, "num_statements": 8, "percent_covered": 87.5, "percent_covered_display": "87.50", "missing_lines": 1, "excluded_lines": 0, "percent_statements_covered": 87.5, "percent_statements_covered_display": "87.50"}, "missing_lines": [308], "excluded_lines": []}, "LuxpowerClient._cache_response": {"executed_lines": [315], "summary": {"covered_lines": 1, "num_statements": 1, "percent_covered": 100.0, "percent_covered_display": "100.00", "missing_lines": 0, "excluded_lines": 0, "percent_statements_covered": 100.0, "percent_statements_covered_display": "100.00"}, "missing_lines": [], "excluded_lines": []}, "LuxpowerClient._get_cached_response": {"executed_lines": [322, 323], "summary": {"covered_lines": 2, "num_statements": 3, "percent_covered": 66.66666666666667, "percent_covered_display": "66.67", "missing_lines": 1, "excluded_lines": 0, "percent_statements_covered": 66.66666666666667, "percent_statements_covered_display": "66.67"}, "missing_lines": [324], "excluded_lines": []}, "LuxpowerClient.clear_cache": {"executed_lines": [], "summary": {"covered_lines": 0, "num_statements": 2, "percent_covered": 0.0, "percent_covered_display": "0.00", "missing_lines": 2, "excluded_lines": 0, "percent_statements_covered": 0.0, "percent_statements_covered_display": "0.00"}, "missing_lines": [340, 341], "excluded_lines": []}, "LuxpowerClient.invalidate_cache_for_device": {"executed_lines": [], "summary": {"covered_lines": 0, "num_statements": 4, "percent_covered": 0.0, "percent_covered_display": "0.00", "missing_lines": 4, "excluded_lines": 0, "percent_statements_covered": 0.0, "percent_statements_covered_display": "0.00"}, "missing_lines": [354, 356, 357, 359], "excluded_lines": []}, "LuxpowerClient.get_cache_stats": {"executed_lines": [], "summary": {"covered_lines": 0, "num_statements": 5, "percent_covered": 0.0, "percent_covered_display": "0.00", "missing_lines": 5, "excluded_lines": 0, "percent_statements_covered": 0.0, "percent_statements_covered_display": "0.00"}, "missing_lines": [379, 381, 383, 384, 386], "excluded_lines": []}, "LuxpowerClient._request": {"executed_lines": [418, 419, 420, 421, 422, 425, 427, 428, 430, 435, 436, 437, 438, 441, 449, 450, 452, 453, 455, 456, 457, 459, 460, 461, 471, 472, 473, 476, 477, 478], "summary": {"covered_lines": 30, "num_statements": 40, "percent_covered": 75.0, "percent_covered_display": "75.00", "missing_lines": 10, "excluded_lines": 0, "percent_statements_covered": 75.0, "percent_statements_covered_display": "75.00"}, "missing_lines": [442, 443, 445, 446, 462, 464, 474, 480, 481, 482], "excluded_lines": []}, "LuxpowerClient.login": {"executed_lines": [495, 497, 503, 504, 507, 508, 509, 511], "summary": {"covered_lines": 8, "num_statements": 8, "percent_covered": 100.0, "percent_covered_display": "100.00", "missing_lines": 0, "excluded_lines": 0, "percent_statements_covered": 100.0, "percent_statements_covered_display": "100.00"}, "missing_lines": [], "excluded_lines": []}, "LuxpowerClient._ensure_authenticated": {"executed_lines": [515], "summary": {"covered_lines": 1, "num_statements": 3, "percent_covered": 33.333333333333336, "percent_covered_display": "33.33", "missing_lines": 2, "excluded_lines": 0, "percent_statements_covered": 33.333333333333336, "percent_statements_covered_display": "33.33"}, "missing_lines": [516, 517], "excluded_lines": []}, "": {"executed_lines": [1, 15, 17, 18, 19, 20, 21, 22, 24, 25, 27, 28, 37, 42, 44, 47, 48, 64, 133, 138, 147, 163, 174, 175, 205, 206, 212, 213, 219, 220, 226, 227, 233, 234, 240, 241, 247, 248, 254, 262, 272, 295, 300, 313, 320, 330, 343, 365, 391, 486, 513], "summary": {"covered_lines": 49, "num_statements": 49, "percent_covered": 100.0, "percent_covered_display": "100.00", "missing_lines": 0, "excluded_lines": 0, "percent_statements_covered": 100.0, "percent_statements_covered_display": "100.00"}, "missing_lines": [], "excluded_lines": []}}, "classes": {"LuxpowerClient": {"executed_lines": [86, 87, 88, 89, 90, 93, 94, 95, 96, 97, 100, 101, 112, 118, 119, 122, 125, 126, 127, 128, 129, 130, 131, 135, 136, 145, 153, 154, 156, 157, 158, 159, 161, 169, 170, 199, 200, 201, 208, 209, 210, 215, 216, 217, 222, 223, 224, 256, 257, 258, 259, 260, 264, 269, 270, 278, 279, 280, 281, 283, 287, 288, 297, 298, 302, 303, 305, 306, 307, 310, 311, 315, 322, 323, 418, 419, 420, 421, 422, 425, 427, 428, 430, 435, 436, 437, 438, 441, 449, 450, 452, 453, 455, 456, 457, 459, 460, 461, 471, 472, 473, 476, 477, 478, 495, 497, 503, 504, 507, 508, 509, 511, 515], "summary": {"covered_lines": 113, "num_statements": 151, "percent_covered": 74.83443708609272, "percent_covered_display": "74.83", "missing_lines": 38, "excluded_lines": 0, "percent_statements_covered": 74.83443708609272, "percent_statements_covered_display": "74.83"}, "missing_lines": [229, 230, 231, 236, 237, 238, 243, 244, 245, 250, 251, 252, 265, 308, 324, 340, 341, 354, 356, 357, 359, 379, 381, 383, 384, 386, 442, 443, 445, 446, 462, 464, 474, 480, 481, 482, 516, 517], "excluded_lines": []}, "": {"executed_lines": [1, 15, 17, 18, 19, 20, 21, 22, 24, 25, 27, 28, 37, 42, 44, 47, 48, 64, 133, 138, 147, 163, 174, 175, 205, 206, 212, 213, 219, 220, 226, 227, 233, 234, 240, 241, 247, 248, 254, 262, 272, 295, 300, 313, 320, 330, 343, 365, 391, 486, 513], "summary": {"covered_lines": 49, "num_statements": 49, "percent_covered": 100.0, "percent_covered_display": "100.00", "missing_lines": 0, "excluded_lines": 0, "percent_statements_covered": 100.0, "percent_statements_covered_display": "100.00"}, "missing_lines": [], "excluded_lines": []}}}, "src/pylxpweb/devices/__init__.py": {"executed_lines": [1, 7, 8, 9, 10, 11, 12, 13, 15], "summary": {"covered_lines": 8, "num_statements": 8, "percent_covered": 100.0, "percent_covered_display": "100.00", "missing_lines": 0, "excluded_lines": 0, "percent_statements_covered": 100.0, "percent_statements_covered_display": "100.00"}, "missing_lines": [], "excluded_lines": [], "functions": {"": {"executed_lines": [1, 7, 8, 9, 10, 11, 12, 13, 15], "summary": {"covered_lines": 8, "num_statements": 8, "percent_covered": 100.0, "percent_covered_display": "100.00", "missing_lines": 0, "excluded_lines": 0, "percent_statements_covered": 100.0, "percent_statements_covered_display": "100.00"}, "missing_lines": [], "excluded_lines": []}}, "classes": {"": {"executed_lines": [1, 7, 8, 9, 10, 11, 12, 13, 15], "summary": {"covered_lines": 8, "num_statements": 8, "percent_covered": 100.0, "percent_covered_display": "100.00", "missing_lines": 0, "excluded_lines": 0, "percent_statements_covered": 100.0, "percent_statements_covered_display": "100.00"}, "missing_lines": [], "excluded_lines": []}}}, "src/pylxpweb/devices/base.py": {"executed_lines": [1, 8, 10, 11, 12, 14, 16, 20, 21, 57, 70, 71, 72, 73, 74, 76, 77, 84, 85, 86, 88, 89, 97, 98, 106, 107], "summary": {"covered_lines": 17, "num_statements": 17, "percent_covered": 100.0, "percent_covered_display": "100.00", "missing_lines": 0, "excluded_lines": 26, "percent_statements_covered": 100.0, "percent_statements_covered_display": "100.00"}, "missing_lines": [], "excluded_lines": [16, 17, 88, 89, 90, 91, 92, 93, 94, 95, 97, 98, 99, 100, 101, 102, 103, 104, 106, 107, 108, 109, 110, 111, 112, 113], "functions": {"BaseDevice.__init__": {"executed_lines": [70, 71, 72, 73, 74], "summary": {"covered_lines": 5, "num_statements": 5, "percent_covered": 100.0, "percent_covered_display": "100.00", "missing_lines": 0, "excluded_lines": 0, "percent_statements_covered": 100.0, "percent_statements_covered_display": "100.00"}, "missing_lines": [], "excluded_lines": []}, "BaseDevice.needs_refresh": {"executed_lines": [84, 85, 86], "summary": {"covered_lines": 3, "num_statements": 3, "percent_covered": 100.0, "percent_covered_display": "100.00", "missing_lines": 0, "excluded_lines": 0, "percent_statements_covered": 100.0, "percent_statements_covered_display": "100.00"}, "missing_lines": [], "excluded_lines": []}, "BaseDevice.refresh": {"executed_lines": [], "summary": {"covered_lines": 0, "num_statements": 0, "percent_covered": 100.0, "percent_covered_display": "100.00", "missing_lines": 0, "excluded_lines": 6, "percent_statements_covered": 100.0, "percent_statements_covered_display": "100.00"}, "missing_lines": [], "excluded_lines": [90, 91, 92, 93, 94, 95]}, "BaseDevice.to_device_info": {"executed_lines": [], "summary": {"covered_lines": 0, "num_statements": 0, "percent_covered": 100.0, "percent_covered_display": "100.00", "missing_lines": 0, "excluded_lines": 6, "percent_statements_covered": 100.0, "percent_statements_covered_display": "100.00"}, "missing_lines": [], "excluded_lines": [99, 100, 101, 102, 103, 104]}, "BaseDevice.to_entities": {"executed_lines": [], "summary": {"covered_lines": 0, "num_statements": 0, "percent_covered": 100.0, "percent_covered_display": "100.00", "missing_lines": 0, "excluded_lines": 6, "percent_statements_covered": 100.0, "percent_statements_covered_display": "100.00"}, "missing_lines": [], "excluded_lines": [108, 109, 110, 111, 112, 113]}, "": {"executed_lines": [1, 8, 10, 11, 12, 14, 16, 20, 21, 57, 76, 77, 88, 89, 97, 98, 106, 107], "summary": {"covered_lines": 9, "num_statements": 9, "percent_covered": 100.0, "percent_covered_display": "100.00", "missing_lines": 0, "excluded_lines": 8, "percent_statements_covered": 100.0, "percent_statements_covered_display": "100.00"}, "missing_lines": [], "excluded_lines": [16, 17, 88, 89, 97, 98, 106, 107]}}, "classes": {"BaseDevice": {"executed_lines": [70, 71, 72, 73, 74, 84, 85, 86], "summary": {"covered_lines": 8, "num_statements": 8, "percent_covered": 100.0, "percent_covered_display": "100.00", "missing_lines": 0, "excluded_lines": 18, "percent_statements_covered": 100.0, "percent_statements_covered_display": "100.00"}, "missing_lines": [], "excluded_lines": [90, 91, 92, 93, 94, 95, 99, 100, 101, 102, 103, 104, 108, 109, 110, 111, 112, 113]}, "": {"executed_lines": [1, 8, 10, 11, 12, 14, 16, 20, 21, 57, 76, 77, 88, 89, 97, 98, 106, 107], "summary": {"covered_lines": 9, "num_statements": 9, "percent_covered": 100.0, "percent_covered_display": "100.00", "missing_lines": 0, "excluded_lines": 8, "percent_statements_covered": 100.0, "percent_statements_covered_display": "100.00"}, "missing_lines": [], "excluded_lines": [16, 17, 88, 89, 97, 98, 106, 107]}}}, "src/pylxpweb/devices/battery.py": {"executed_lines": [1, 7, 9, 11, 12, 14, 19, 20, 38, 46, 48, 49, 50, 51, 53, 54, 60, 62, 63, 69, 71, 72, 78, 80, 81, 87, 89, 90, 96, 98, 99, 105, 107, 108, 114, 116, 117, 123, 125, 126, 132, 134, 135, 141, 143, 144, 150, 152, 153, 159, 161, 162, 168, 170, 180, 186, 194, 200, 203, 215, 227, 239, 251, 263, 275, 287, 299, 311, 323, 334], "summary": {"covered_lines": 67, "num_statements": 68, "percent_covered": 98.52941176470588, "percent_covered_display": "98.53", "missing_lines": 1, "excluded_lines": 3, "percent_statements_covered": 98.52941176470588, "percent_statements_covered_display": "98.53"}, "missing_lines": [178], "excluded_lines": [14, 15, 16], "functions": {"Battery.__init__": {"executed_lines": [46, 48, 49, 50, 51], "summary": {"covered_lines": 5, "num_statements": 5, "percent_covered": 100.0, "percent_covered_display": "100.00", "missing_lines": 0, "excluded_lines": 0, "percent_statements_covered": 100.0, "percent_statements_covered_display": "100.00"}, "missing_lines": [], "excluded_lines": []}, "Battery.voltage": {"executed_lines": [60], "summary": {"covered_lines": 1, "num_statements": 1, "percent_covered": 100.0, "percent_covered_display": "100.00", "missing_lines": 0, "excluded_lines": 0, "percent_statements_covered": 100.0, "percent_statements_covered_display": "100.00"}, "missing_lines": [], "excluded_lines": []}, "Battery.current": {"executed_lines": [69], "summary": {"covered_lines": 1, "num_statements": 1, "percent_covered": 100.0, "percent_covered_display": "100.00", "missing_lines": 0, "excluded_lines": 0, "percent_statements_covered": 100.0, "percent_statements_covered_display": "100.00"}, "missing_lines": [], "excluded_lines": []}, "Battery.power": {"executed_lines": [78], "summary": {"covered_lines": 1, "num_statements": 1, "percent_covered": 100.0, "percent_covered_display": "100.00", "missing_lines": 0, "excluded_lines": 0, "percent_statements_covered": 100.0, "percent_statements_covered_display": "100.00"}, "missing_lines": [], "excluded_lines": []}, "Battery.soc": {"executed_lines": [87], "summary": {"covered_lines": 1, "num_statements": 1, "percent_covered": 100.0, "percent_covered_display": "100.00", "missing_lines": 0, "excluded_lines": 0, "percent_statements_covered": 100.0, "percent_statements_covered_display": "100.00"}, "missing_lines": [], "excluded_lines": []}, "Battery.soh": {"executed_lines": [96], "summary": {"covered_lines": 1, "num_statements": 1, "percent_covered": 100.0, "percent_covered_display": "100.00", "missing_lines": 0, "excluded_lines": 0, "percent_statements_covered": 100.0, "percent_statements_covered_display": "100.00"}, "missing_lines": [], "excluded_lines": []}, "Battery.max_cell_temp": {"executed_lines": [105], "summary": {"covered_lines": 1, "num_statements": 1, "percent_covered": 100.0, "percent_covered_display": "100.00", "missing_lines": 0, "excluded_lines": 0, "percent_statements_covered": 100.0, "percent_statements_covered_display": "100.00"}, "missing_lines": [], "excluded_lines": []}, "Battery.min_cell_temp": {"executed_lines": [114], "summary": {"covered_lines": 1, "num_statements": 1, "percent_covered": 100.0, "percent_covered_display": "100.00", "missing_lines": 0, "excluded_lines": 0, "percent_statements_covered": 100.0, "percent_statements_covered_display": "100.00"}, "missing_lines": [], "excluded_lines": []}, "Battery.max_cell_voltage": {"executed_lines": [123], "summary": {"covered_lines": 1, "num_statements": 1, "percent_covered": 100.0, "percent_covered_display": "100.00", "missing_lines": 0, "excluded_lines": 0, "percent_statements_covered": 100.0, "percent_statements_covered_display": "100.00"}, "missing_lines": [], "excluded_lines": []}, "Battery.min_cell_voltage": {"executed_lines": [132], "summary": {"covered_lines": 1, "num_statements": 1, "percent_covered": 100.0, "percent_covered_display": "100.00", "missing_lines": 0, "excluded_lines": 0, "percent_statements_covered": 100.0, "percent_statements_covered_display": "100.00"}, "missing_lines": [], "excluded_lines": []}, "Battery.cell_voltage_delta": {"executed_lines": [141], "summary": {"covered_lines": 1, "num_statements": 1, "percent_covered": 100.0, "percent_covered_display": "100.00", "missing_lines": 0, "excluded_lines": 0, "percent_statements_covered": 100.0, "percent_statements_covered_display": "100.00"}, "missing_lines": [], "excluded_lines": []}, "Battery.cycle_count": {"executed_lines": [150], "summary": {"covered_lines": 1, "num_statements": 1, "percent_covered": 100.0, "percent_covered_display": "100.00", "missing_lines": 0, "excluded_lines": 0, "percent_statements_covered": 100.0, "percent_statements_covered_display": "100.00"}, "missing_lines": [], "excluded_lines": []}, "Battery.firmware_version": {"executed_lines": [159], "summary": {"covered_lines": 1, "num_statements": 1, "percent_covered": 100.0, "percent_covered_display": "100.00", "missing_lines": 0, "excluded_lines": 0, "percent_statements_covered": 100.0, "percent_statements_covered_display": "100.00"}, "missing_lines": [], "excluded_lines": []}, "Battery.is_lost": {"executed_lines": [168], "summary": {"covered_lines": 1, "num_statements": 1, "percent_covered": 100.0, "percent_covered_display": "100.00", "missing_lines": 0, "excluded_lines": 0, "percent_statements_covered": 100.0, "percent_statements_covered_display": "100.00"}, "missing_lines": [], "excluded_lines": []}, "Battery.refresh": {"executed_lines": [], "summary": {"covered_lines": 0, "num_statements": 1, "percent_covered": 0.0, "percent_covered_display": "0.00", "missing_lines": 1, "excluded_lines": 0, "percent_statements_covered": 0.0, "percent_statements_covered_display": "0.00"}, "missing_lines": [178], "excluded_lines": []}, "Battery.to_device_info": {"executed_lines": [186], "summary": {"covered_lines": 1, "num_statements": 1, "percent_covered": 100.0, "percent_covered_display": "100.00", "missing_lines": 0, "excluded_lines": 0, "percent_statements_covered": 100.0, "percent_statements_covered_display": "100.00"}, "missing_lines": [], "excluded_lines": []}, "Battery.to_entities": {"executed_lines": [200, 203, 215, 227, 239, 251, 263, 275, 287, 299, 311, 323, 334], "summary": {"covered_lines": 13, "num_statements": 13, "percent_covered": 100.0, "percent_covered_display": "100.00", "missing_lines": 0, "excluded_lines": 0, "percent_statements_covered": 100.0, "percent_statements_covered_display": "100.00"}, "missing_lines": [], "excluded_lines": []}, "": {"executed_lines": [1, 7, 9, 11, 12, 14, 19, 20, 38, 53, 54, 62, 63, 71, 72, 80, 81, 89, 90, 98, 99, 107, 108, 116, 117, 125, 126, 134, 135, 143, 144, 152, 153, 161, 162, 170, 180, 194], "summary": {"covered_lines": 35, "num_statements": 35, "percent_covered": 100.0, "percent_covered_display": "100.00", "missing_lines": 0, "excluded_lines": 3, "percent_statements_covered": 100.0, "percent_statements_covered_display": "100.00"}, "missing_lines": [], "excluded_lines": [14, 15, 16]}}, "classes": {"Battery": {"executed_lines": [46, 48, 49, 50, 51, 60, 69, 78, 87, 96, 105, 114, 123, 132, 141, 150, 159, 168, 186, 200, 203, 215, 227, 239, 251, 263, 275, 287, 299, 311, 323, 334], "summary": {"covered_lines": 32, "num_statements": 33, "percent_covered": 96.96969696969697, "percent_covered_display": "96.97", "missing_lines": 1, "excluded_lines": 0, "percent_statements_covered": 96.96969696969697, "percent_statements_covered_display": "96.97"}, "missing_lines": [178], "excluded_lines": []}, "": {"executed_lines": [1, 7, 9, 11, 12, 14, 19, 20, 38, 53, 54, 62, 63, 71, 72, 80, 81, 89, 90, 98, 99, 107, 108, 116, 117, 125, 126, 134, 135, 143, 144, 152, 153, 161, 162, 170, 180, 194], "summary": {"covered_lines": 35, "num_statements": 35, "percent_covered": 100.0, "percent_covered_display": "100.00", "missing_lines": 0, "excluded_lines": 3, "percent_statements_covered": 100.0, "percent_statements_covered_display": "100.00"}, "missing_lines": [], "excluded_lines": [14, 15, 16]}}}, "src/pylxpweb/devices/battery_bank.py": {"executed_lines": [1, 8, 10, 12, 13, 15, 22, 23, 48, 62, 64, 65, 68, 70, 71, 79, 80, 88, 89, 97, 98, 106, 107, 115, 116, 124, 125, 133, 134, 142, 152, 166], "summary": {"covered_lines": 29, "num_statements": 49, "percent_covered": 59.183673469387756, "percent_covered_display": "59.18", "missing_lines": 20, "excluded_lines": 4, "percent_statements_covered": 59.183673469387756, "percent_statements_covered_display": "59.18"}, "missing_lines": [77, 86, 95, 104, 113, 122, 131, 140, 150, 158, 172, 175, 187, 199, 211, 223, 235, 247, 259, 270], "excluded_lines": [15, 16, 17, 19], "functions": {"BatteryBank.__init__": {"executed_lines": [62, 64, 65, 68], "summary": {"covered_lines": 4, "num_statements": 4, "percent_covered": 100.0, "percent_covered_display": "100.00", "missing_lines": 0, "excluded_lines": 0, "percent_statements_covered": 100.0, "percent_statements_covered_display": "100.00"}, "missing_lines": [], "excluded_lines": []}, "BatteryBank.status": {"executed_lines": [], "summary": {"covered_lines": 0, "num_statements": 1, "percent_covered": 0.0, "percent_covered_display": "0.00", "missing_lines": 1, "excluded_lines": 0, "percent_statements_covered": 0.0, "percent_statements_covered_display": "0.00"}, "missing_lines": [77], "excluded_lines": []}, "BatteryBank.soc": {"executed_lines": [], "summary": {"covered_lines": 0, "num_statements": 1, "percent_covered": 0.0, "percent_covered_display": "0.00", "missing_lines": 1, "excluded_lines": 0, "percent_statements_covered": 0.0, "percent_statements_covered_display": "0.00"}, "missing_lines": [86], "excluded_lines": []}, "BatteryBank.voltage": {"executed_lines": [], "summary": {"covered_lines": 0, "num_statements": 1, "percent_covered": 0.0, "percent_covered_display": "0.00", "missing_lines": 1, "excluded_lines": 0, "percent_statements_covered": 0.0, "percent_statements_covered_display": "0.00"}, "missing_lines": [95], "excluded_lines": []}, "BatteryBank.charge_power": {"executed_lines": [], "summary": {"covered_lines": 0, "num_statements": 1, "percent_covered": 0.0, "percent_covered_display": "0.00", "missing_lines": 1, "excluded_lines": 0, "percent_statements_covered": 0.0, "percent_statements_covered_display": "0.00"}, "missing_lines": [104], "excluded_lines": []}, "BatteryBank.discharge_power": {"executed_lines": [], "summary": {"covered_lines": 0, "num_statements": 1, "percent_covered": 0.0, "percent_covered_display": "0.00", "missing_lines": 1, "excluded_lines": 0, "percent_statements_covered": 0.0, "percent_statements_covered_display": "0.00"}, "missing_lines": [113], "excluded_lines": []}, "BatteryBank.max_capacity": {"executed_lines": [], "summary": {"covered_lines": 0, "num_statements": 1, "percent_covered": 0.0, "percent_covered_display": "0.00", "missing_lines": 1, "excluded_lines": 0, "percent_statements_covered": 0.0, "percent_statements_covered_display": "0.00"}, "missing_lines": [122], "excluded_lines": []}, "BatteryBank.current_capacity": {"executed_lines": [], "summary": {"covered_lines": 0, "num_statements": 1, "percent_covered": 0.0, "percent_covered_display": "0.00", "missing_lines": 1, "excluded_lines": 0, "percent_statements_covered": 0.0, "percent_statements_covered_display": "0.00"}, "missing_lines": [131], "excluded_lines": []}, "BatteryBank.battery_count": {"executed_lines": [], "summary": {"covered_lines": 0, "num_statements": 1, "percent_covered": 0.0, "percent_covered_display": "0.00", "missing_lines": 1, "excluded_lines": 0, "percent_statements_covered": 0.0, "percent_statements_covered_display": "0.00"}, "missing_lines": [140], "excluded_lines": []}, "BatteryBank.refresh": {"executed_lines": [], "summary": {"covered_lines": 0, "num_statements": 1, "percent_covered": 0.0, "percent_covered_display": "0.00", "missing_lines": 1, "excluded_lines": 0, "percent_statements_covered": 0.0, "percent_statements_covered_display": "0.00"}, "missing_lines": [150], "excluded_lines": []}, "BatteryBank.to_device_info": {"executed_lines": [], "summary": {"covered_lines": 0, "num_statements": 1, "percent_covered": 0.0, "percent_covered_display": "0.00", "missing_lines": 1, "excluded_lines": 0, "percent_statements_covered": 0.0, "percent_statements_covered_display": "0.00"}, "missing_lines": [158], "excluded_lines": []}, "BatteryBank.to_entities": {"executed_lines": [], "summary": {"covered_lines": 0, "num_statements": 10, "percent_covered": 0.0, "percent_covered_display": "0.00", "missing_lines": 10, "excluded_lines": 0, "percent_statements_covered": 0.0, "percent_statements_covered_display": "0.00"}, "missing_lines": [172, 175, 187, 199, 211, 223, 235, 247, 259, 270], "excluded_lines": []}, "": {"executed_lines": [1, 8, 10, 12, 13, 15, 22, 23, 48, 70, 71, 79, 80, 88, 89, 97, 98, 106, 107, 115, 116, 124, 125, 133, 134, 142, 152, 166], "summary": {"covered_lines": 25, "num_statements": 25, "percent_covered": 100.0, "percent_covered_display": "100.00", "missing_lines": 0, "excluded_lines": 4, "percent_statements_covered": 100.0, "percent_statements_covered_display": "100.00"}, "missing_lines": [], "excluded_lines": [15, 16, 17, 19]}}, "classes": {"BatteryBank": {"executed_lines": [62, 64, 65, 68], "summary": {"covered_lines": 4, "num_statements": 24, "percent_covered": 16.666666666666668, "percent_covered_display": "16.67", "missing_lines": 20, "excluded_lines": 0, "percent_statements_covered": 16.666666666666668, "percent_statements_covered_display": "16.67"}, "missing_lines": [77, 86, 95, 104, 113, 122, 131, 140, 150, 158, 172, 175, 187, 199, 211, 223, 235, 247, 259, 270], "excluded_lines": []}, "": {"executed_lines": [1, 8, 10, 12, 13, 15, 22, 23, 48, 70, 71, 79, 80, 88, 89, 97, 98, 106, 107, 115, 116, 124, 125, 133, 134, 142, 152, 166], "summary": {"covered_lines": 25, "num_statements": 25, "percent_covered": 100.0, "percent_covered_display": "100.00", "missing_lines": 0, "excluded_lines": 4, "percent_statements_covered": 100.0, "percent_statements_covered_display": "100.00"}, "missing_lines": [], "excluded_lines": [15, 16, 17, 19]}}}, "src/pylxpweb/devices/inverters/__init__.py": {"executed_lines": [1, 3, 4, 5, 7], "summary": {"covered_lines": 4, "num_statements": 4, "percent_covered": 100.0, "percent_covered_display": "100.00", "missing_lines": 0, "excluded_lines": 0, "percent_statements_covered": 100.0, "percent_statements_covered_display": "100.00"}, "missing_lines": [], "excluded_lines": [], "functions": {"": {"executed_lines": [1, 3, 4, 5, 7], "summary": {"covered_lines": 4, "num_statements": 4, "percent_covered": 100.0, "percent_covered_display": "100.00", "missing_lines": 0, "excluded_lines": 0, "percent_statements_covered": 100.0, "percent_statements_covered_display": "100.00"}, "missing_lines": [], "excluded_lines": []}}, "classes": {"": {"executed_lines": [1, 3, 4, 5, 7], "summary": {"covered_lines": 4, "num_statements": 4, "percent_covered": 100.0, "percent_covered_display": "100.00", "missing_lines": 0, "excluded_lines": 0, "percent_statements_covered": 100.0, "percent_statements_covered_display": "100.00"}, "missing_lines": [], "excluded_lines": []}}}, "src/pylxpweb/devices/inverters/base.py": {"executed_lines": [1, 7, 9, 10, 11, 13, 14, 16, 21, 22, 33, 46, 49, 52, 55, 57, 63, 66, 67, 68, 70, 75, 76, 79, 80, 83, 85, 88, 89, 91, 93, 99, 107, 108, 119, 120, 126, 128, 129, 135, 136, 137, 139, 140, 146, 147, 149, 151, 152, 158, 159, 161, 163, 164, 170, 171, 172, 174, 180, 183, 184, 193, 199, 202, 207, 208, 210, 211, 214, 218, 220, 222, 228, 245, 248, 250, 263, 264, 266, 281, 284, 285, 288, 290, 293, 295, 297, 311, 312, 317, 335, 337, 339, 340, 341, 342, 344, 345, 346, 347, 349, 352], "summary": {"covered_lines": 97, "num_statements": 102, "percent_covered": 95.09803921568627, "percent_covered_display": "95.10", "missing_lines": 5, "excluded_lines": 14, "percent_statements_covered": 95.09803921568627, "percent_statements_covered_display": "95.10"}, "missing_lines": [191, 203, 215, 216, 350], "excluded_lines": [16, 17, 18, 107, 108, 109, 110, 111, 112, 113, 114, 115, 116, 117], "functions": {"BaseInverter.__init__": {"executed_lines": [46, 49, 52, 55], "summary": {"covered_lines": 4, "num_statements": 4, "percent_covered": 100.0, "percent_covered_display": "100.00", "missing_lines": 0, "excluded_lines": 0, "percent_statements_covered": 100.0, "percent_statements_covered_display": "100.00"}, "missing_lines": [], "excluded_lines": []}, "BaseInverter.refresh": {"executed_lines": [63, 66, 67, 68, 70, 75, 76, 79, 80, 83, 85, 88, 89, 91], "summary": {"covered_lines": 14, "num_statements": 14, "percent_covered": 100.0, "percent_covered_display": "100.00", "missing_lines": 0, "excluded_lines": 0, "percent_statements_covered": 100.0, "percent_statements_covered_display": "100.00"}, "missing_lines": [], "excluded_lines": []}, "BaseInverter.to_device_info": {"executed_lines": [99], "summary": {"covered_lines": 1, "num_statements": 1, "percent_covered": 100.0, "percent_covered_display": "100.00", "missing_lines": 0, "excluded_lines": 0, "percent_statements_covered": 100.0, "percent_statements_covered_display": "100.00"}, "missing_lines": [], "excluded_lines": []}, "BaseInverter.to_entities": {"executed_lines": [], "summary": {"covered_lines": 0, "num_statements": 0, "percent_covered": 100.0, "percent_covered_display": "100.00", "missing_lines": 0, "excluded_lines": 9, "percent_statements_covered": 100.0, "percent_statements_covered_display": "100.00"}, "missing_lines": [], "excluded_lines": [109, 110, 111, 112, 113, 114, 115, 116, 117]}, "BaseInverter.has_data": {"executed_lines": [126], "summary": {"covered_lines": 1, "num_statements": 1, "percent_covered": 100.0, "percent_covered_display": "100.00", "missing_lines": 0, "excluded_lines": 0, "percent_statements_covered": 100.0, "percent_statements_covered_display": "100.00"}, "missing_lines": [], "excluded_lines": []}, "BaseInverter.power_output": {"executed_lines": [135, 136, 137], "summary": {"covered_lines": 3, "num_statements": 3, "percent_covered": 100.0, "percent_covered_display": "100.00", "missing_lines": 0, "excluded_lines": 0, "percent_statements_covered": 100.0, "percent_statements_covered_display": "100.00"}, "missing_lines": [], "excluded_lines": []}, "BaseInverter.total_energy_today": {"executed_lines": [146, 147, 149], "summary": {"covered_lines": 3, "num_statements": 3, "percent_covered": 100.0, "percent_covered_display": "100.00", "missing_lines": 0, "excluded_lines": 0, "percent_statements_covered": 100.0, "percent_statements_covered_display": "100.00"}, "missing_lines": [], "excluded_lines": []}, "BaseInverter.total_energy_lifetime": {"executed_lines": [158, 159, 161], "summary": {"covered_lines": 3, "num_statements": 3, "percent_covered": 100.0, "percent_covered_display": "100.00", "missing_lines": 0, "excluded_lines": 0, "percent_statements_covered": 100.0, "percent_statements_covered_display": "100.00"}, "missing_lines": [], "excluded_lines": []}, "BaseInverter.battery_soc": {"executed_lines": [170, 171, 172], "summary": {"covered_lines": 3, "num_statements": 3, "percent_covered": 100.0, "percent_covered_display": "100.00", "missing_lines": 0, "excluded_lines": 0, "percent_statements_covered": 100.0, "percent_statements_covered_display": "100.00"}, "missing_lines": [], "excluded_lines": []}, "BaseInverter._update_battery_bank": {"executed_lines": [180, 183, 184], "summary": {"covered_lines": 3, "num_statements": 4, "percent_covered": 75.0, "percent_covered_display": "75.00", "missing_lines": 1, "excluded_lines": 0, "percent_statements_covered": 75.0, "percent_statements_covered_display": "75.00"}, "missing_lines": [191], "excluded_lines": []}, "BaseInverter._update_batteries": {"executed_lines": [199, 202, 207, 208, 210, 211, 214, 218, 220, 222], "summary": {"covered_lines": 10, "num_statements": 13, "percent_covered": 76.92307692307692, "percent_covered_display": "76.92", "missing_lines": 3, "excluded_lines": 0, "percent_statements_covered": 76.92307692307692, "percent_statements_covered_display": "76.92"}, "missing_lines": [203, 215, 216], "excluded_lines": []}, "BaseInverter.read_parameters": {"executed_lines": [245, 248], "summary": {"covered_lines": 2, "num_statements": 2, "percent_covered": 100.0, "percent_covered_display": "100.00", "missing_lines": 0, "excluded_lines": 0, "percent_statements_covered": 100.0, "percent_statements_covered_display": "100.00"}, "missing_lines": [], "excluded_lines": []}, "BaseInverter.write_parameters": {"executed_lines": [263, 264], "summary": {"covered_lines": 2, "num_statements": 2, "percent_covered": 100.0, "percent_covered_display": "100.00", "missing_lines": 0, "excluded_lines": 0, "percent_statements_covered": 100.0, "percent_statements_covered_display": "100.00"}, "missing_lines": [], "excluded_lines": []}, "BaseInverter.set_standby_mode": {"executed_lines": [281, 284, 285, 288, 290, 293, 295], "summary": {"covered_lines": 7, "num_statements": 7, "percent_covered": 100.0, "percent_covered_display": "100.00", "missing_lines": 0, "excluded_lines": 0, "percent_statements_covered": 100.0, "percent_statements_covered_display": "100.00"}, "missing_lines": [], "excluded_lines": []}, "BaseInverter.get_battery_soc_limits": {"executed_lines": [311, 312], "summary": {"covered_lines": 2, "num_statements": 2, "percent_covered": 100.0, "percent_covered_display": "100.00", "missing_lines": 0, "excluded_lines": 0, "percent_statements_covered": 100.0, "percent_statements_covered_display": "100.00"}, "missing_lines": [], "excluded_lines": []}, "BaseInverter.set_battery_soc_limits": {"executed_lines": [335, 337, 339, 340, 341, 342, 344, 345, 346, 347, 349, 352], "summary": {"covered_lines": 12, "num_statements": 13, "percent_covered": 92.3076923076923, "percent_covered_display": "92.31", "missing_lines": 1, "excluded_lines": 0, "percent_statements_covered": 92.3076923076923, "percent_statements_covered_display": "92.31"}, "missing_lines": [350], "excluded_lines": []}, "": {"executed_lines": [1, 7, 9, 10, 11, 13, 14, 16, 21, 22, 33, 57, 93, 107, 108, 119, 120, 128, 129, 139, 140, 151, 152, 163, 164, 174, 193, 228, 250, 266, 297, 317], "summary": {"covered_lines": 27, "num_statements": 27, "percent_covered": 100.0, "percent_covered_display": "100.00", "missing_lines": 0, "excluded_lines": 5, "percent_statements_covered": 100.0, "percent_statements_covered_display": "100.00"}, "missing_lines": [], "excluded_lines": [16, 17, 18, 107, 108]}}, "classes": {"BaseInverter": {"executed_lines": [46, 49, 52, 55, 63, 66, 67, 68, 70, 75, 76, 79, 80, 83, 85, 88, 89, 91, 99, 126, 135, 136, 137, 146, 147, 149, 158, 159, 161, 170, 171, 172, 180, 183, 184, 199, 202, 207, 208, 210, 211, 214, 218, 220, 222, 245, 248, 263, 264, 281, 284, 285, 288, 290, 293, 295, 311, 312, 335, 337, 339, 340, 341, 342, 344, 345, 346, 347, 349, 352], "summary": {"covered_lines": 70, "num_statements": 75, "percent_covered": 93.33333333333333, "percent_covered_display": "93.33", "missing_lines": 5, "excluded_lines": 9, "percent_statements_covered": 93.33333333333333, "percent_statements_covered_display": "93.33"}, "missing_lines": [191, 203, 215, 216, 350], "excluded_lines": [109, 110, 111, 112, 113, 114, 115, 116, 117]}, "": {"executed_lines": [1, 7, 9, 10, 11, 13, 14, 16, 21, 22, 33, 57, 93, 107, 108, 119, 120, 128, 129, 139, 140, 151, 152, 163, 164, 174, 193, 228, 250, 266, 297, 317], "summary": {"covered_lines": 27, "num_statements": 27, "percent_covered": 100.0, "percent_covered_display": "100.00", "missing_lines": 0, "excluded_lines": 5, "percent_statements_covered": 100.0, "percent_statements_covered_display": "100.00"}, "missing_lines": [], "excluded_lines": [16, 17, 18, 107, 108]}}}, "src/pylxpweb/devices/inverters/generic.py": {"executed_lines": [1, 7, 9, 11, 12, 14, 18, 19, 41, 47, 50, 52, 64, 65, 77, 78, 90, 91, 103, 104, 116, 117, 129, 130, 142, 143, 154, 155, 167, 169, 181, 192], "summary": {"covered_lines": 29, "num_statements": 29, "percent_covered": 100.0, "percent_covered_display": "100.00", "missing_lines": 0, "excluded_lines": 2, "percent_statements_covered": 100.0, "percent_statements_covered_display": "100.00"}, "missing_lines": [], "excluded_lines": [14, 15], "functions": {"GenericInverter.to_entities": {"executed_lines": [47, 50, 52, 64, 65, 77, 78, 90, 91, 103, 104, 116, 117, 129, 130, 142, 143, 154, 155, 167, 169, 181, 192], "summary": {"covered_lines": 23, "num_statements": 23, "percent_covered": 100.0, "percent_covered_display": "100.00", "missing_lines": 0, "excluded_lines": 0, "percent_statements_covered": 100.0, "percent_statements_covered_display": "100.00"}, "missing_lines": [], "excluded_lines": []}, "": {"executed_lines": [1, 7, 9, 11, 12, 14, 18, 19, 41], "summary": {"covered_lines": 6, "num_statements": 6, "percent_covered": 100.0, "percent_covered_display": "100.00", "missing_lines": 0, "excluded_lines": 2, "percent_statements_covered": 100.0, "percent_statements_covered_display": "100.00"}, "missing_lines": [], "excluded_lines": [14, 15]}}, "classes": {"GenericInverter": {"executed_lines": [47, 50, 52, 64, 65, 77, 78, 90, 91, 103, 104, 116, 117, 129, 130, 142, 143, 154, 155, 167, 169, 181, 192], "summary": {"covered_lines": 23, "num_statements": 23, "percent_covered": 100.0, "percent_covered_display": "100.00", "missing_lines": 0, "excluded_lines": 0, "percent_statements_covered": 100.0, "percent_statements_covered_display": "100.00"}, "missing_lines": [], "excluded_lines": []}, "": {"executed_lines": [1, 7, 9, 11, 12, 14, 18, 19, 41], "summary": {"covered_lines": 6, "num_statements": 6, "percent_covered": 100.0, "percent_covered_display": "100.00", "missing_lines": 0, "excluded_lines": 2, "percent_statements_covered": 100.0, "percent_statements_covered_display": "100.00"}, "missing_lines": [], "excluded_lines": [14, 15]}}}, "src/pylxpweb/devices/inverters/hybrid.py": {"executed_lines": [1, 10, 12, 14, 16, 20, 21, 54, 76, 83, 84, 85, 88, 90, 98, 120, 128, 129, 131, 132, 135, 136, 138, 139, 141, 143, 146, 147, 149, 150, 152, 154, 167, 170, 171, 173, 174, 176, 178, 180, 195, 197, 198, 200, 201, 203, 205, 207, 222, 224, 225, 227, 228, 230, 232, 234, 247, 249, 251, 256, 269, 271, 272, 274], "summary": {"covered_lines": 61, "num_statements": 61, "percent_covered": 100.0, "percent_covered_display": "100.00", "missing_lines": 0, "excluded_lines": 2, "percent_statements_covered": 100.0, "percent_statements_covered_display": "100.00"}, "missing_lines": [], "excluded_lines": [16, 17], "functions": {"HybridInverter.get_ac_charge_settings": {"executed_lines": [76, 83, 84, 85, 88, 90], "summary": {"covered_lines": 6, "num_statements": 6, "percent_covered": 100.0, "percent_covered_display": "100.00", "missing_lines": 0, "excluded_lines": 0, "percent_statements_covered": 100.0, "percent_statements_covered_display": "100.00"}, "missing_lines": [], "excluded_lines": []}, "HybridInverter.set_ac_charge": {"executed_lines": [120, 128, 129, 131, 132, 135, 136, 138, 139, 141, 143, 146, 147, 149, 150, 152], "summary": {"covered_lines": 16, "num_statements": 16, "percent_covered": 100.0, "percent_covered_display": "100.00", "missing_lines": 0, "excluded_lines": 0, "percent_statements_covered": 100.0, "percent_statements_covered_display": "100.00"}, "missing_lines": [], "excluded_lines": []}, "HybridInverter.set_eps_enabled": {"executed_lines": [167, 170, 171, 173, 174, 176, 178], "summary": {"covered_lines": 7, "num_statements": 7, "percent_covered": 100.0, "percent_covered_display": "100.00", "missing_lines": 0, "excluded_lines": 0, "percent_statements_covered": 100.0, "percent_statements_covered_display": "100.00"}, "missing_lines": [], "excluded_lines": []}, "HybridInverter.set_forced_charge": {"executed_lines": [195, 197, 198, 200, 201, 203, 205], "summary": {"covered_lines": 7, "num_statements": 7, "percent_covered": 100.0, "percent_covered_display": "100.00", "missing_lines": 0, "excluded_lines": 0, "percent_statements_covered": 100.0, "percent_statements_covered_display": "100.00"}, "missing_lines": [], "excluded_lines": []}, "HybridInverter.set_forced_discharge": {"executed_lines": [222, 224, 225, 227, 228, 230, 232], "summary": {"covered_lines": 7, "num_statements": 7, "percent_covered": 100.0, "percent_covered_display": "100.00", "missing_lines": 0, "excluded_lines": 0, "percent_statements_covered": 100.0, "percent_statements_covered_display": "100.00"}, "missing_lines": [], "excluded_lines": []}, "HybridInverter.get_charge_discharge_power": {"executed_lines": [247, 249, 251], "summary": {"covered_lines": 3, "num_statements": 3, "percent_covered": 100.0, "percent_covered_display": "100.00", "missing_lines": 0, "excluded_lines": 0, "percent_statements_covered": 100.0, "percent_statements_covered_display": "100.00"}, "missing_lines": [], "excluded_lines": []}, "HybridInverter.set_discharge_power": {"executed_lines": [269, 271, 272, 274], "summary": {"covered_lines": 4, "num_statements": 4, "percent_covered": 100.0, "percent_covered_display": "100.00", "missing_lines": 0, "excluded_lines": 0, "percent_statements_covered": 100.0, "percent_statements_covered_display": "100.00"}, "missing_lines": [], "excluded_lines": []}, "": {"executed_lines": [1, 10, 12, 14, 16, 20, 21, 54, 98, 154, 180, 207, 234, 256], "summary": {"covered_lines": 11, "num_statements": 11, "percent_covered": 100.0, "percent_covered_display": "100.00", "missing_lines": 0, "excluded_lines": 2, "percent_statements_covered": 100.0, "percent_statements_covered_display": "100.00"}, "missing_lines": [], "excluded_lines": [16, 17]}}, "classes": {"HybridInverter": {"executed_lines": [76, 83, 84, 85, 88, 90, 120, 128, 129, 131, 132, 135, 136, 138, 139, 141, 143, 146, 147, 149, 150, 152, 167, 170, 171, 173, 174, 176, 178, 195, 197, 198, 200, 201, 203, 205, 222, 224, 225, 227, 228, 230, 232, 247, 249, 251, 269, 271, 272, 274], "summary": {"covered_lines": 50, "num_statements": 50, "percent_covered": 100.0, "percent_covered_display": "100.00", "missing_lines": 0, "excluded_lines": 0, "percent_statements_covered": 100.0, "percent_statements_covered_display": "100.00"}, "missing_lines": [], "excluded_lines": []}, "": {"executed_lines": [1, 10, 12, 14, 16, 20, 21, 54, 98, 154, 180, 207, 234, 256], "summary": {"covered_lines": 11, "num_statements": 11, "percent_covered": 100.0, "percent_covered_display": "100.00", "missing_lines": 0, "excluded_lines": 2, "percent_statements_covered": 100.0, "percent_statements_covered_display": "100.00"}, "missing_lines": [], "excluded_lines": [16, 17]}}}, "src/pylxpweb/devices/mid_device.py": {"executed_lines": [1, 7, 9, 10, 12, 13, 15, 20, 21, 43, 56, 59, 61, 63, 64, 65, 66, 67, 69, 71, 72, 78, 80, 81, 87, 89, 91, 92, 98, 100, 102, 103, 109, 111, 113, 114, 120, 122, 124, 125, 131, 133, 135, 136, 142, 144, 146, 147, 153, 154, 155, 157, 163, 171, 180, 181, 183, 186, 198, 210, 222, 234, 246, 257], "summary": {"covered_lines": 61, "num_statements": 67, "percent_covered": 91.04477611940298, "percent_covered_display": "91.04", "missing_lines": 6, "excluded_lines": 3, "percent_statements_covered": 91.04477611940298, "percent_statements_covered_display": "91.04"}, "missing_lines": [88, 99, 110, 121, 132, 143], "excluded_lines": [15, 16, 17], "functions": {"MIDDevice.__init__": {"executed_lines": [56, 59], "summary": {"covered_lines": 2, "num_statements": 2, "percent_covered": 100.0, "percent_covered_display": "100.00", "missing_lines": 0, "excluded_lines": 0, "percent_statements_covered": 100.0, "percent_statements_covered_display": "100.00"}, "missing_lines": [], "excluded_lines": []}, "MIDDevice.refresh": {"executed_lines": [63, 64, 65, 66, 67, 69], "summary": {"covered_lines": 6, "num_statements": 6, "percent_covered": 100.0, "percent_covered_display": "100.00", "missing_lines": 0, "excluded_lines": 0, "percent_statements_covered": 100.0, "percent_statements_covered_display": "100.00"}, "missing_lines": [], "excluded_lines": []}, "MIDDevice.has_data": {"executed_lines": [78], "summary": {"covered_lines": 1, "num_statements": 1, "percent_covered": 100.0, "percent_covered_display": "100.00", "missing_lines": 0, "excluded_lines": 0, "percent_statements_covered": 100.0, "percent_statements_covered_display": "100.00"}, "missing_lines": [], "excluded_lines": []}, "MIDDevice.grid_voltage": {"executed_lines": [87, 89], "summary": {"covered_lines": 2, "num_statements": 3, "percent_covered": 66.66666666666667, "percent_covered_display": "66.67", "missing_lines": 1, "excluded_lines": 0, "percent_statements_covered": 66.66666666666667, "percent_statements_covered_display": "66.67"}, "missing_lines": [88], "excluded_lines": []}, "MIDDevice.ups_voltage": {"executed_lines": [98, 100], "summary": {"covered_lines": 2, "num_statements": 3, "percent_covered": 66.66666666666667, "percent_covered_display": "66.67", "missing_lines": 1, "excluded_lines": 0, "percent_statements_covered": 66.66666666666667, "percent_statements_covered_display": "66.67"}, "missing_lines": [99], "excluded_lines": []}, "MIDDevice.grid_power": {"executed_lines": [109, 111], "summary": {"covered_lines": 2, "num_statements": 3, "percent_covered": 66.66666666666667, "percent_covered_display": "66.67", "missing_lines": 1, "excluded_lines": 0, "percent_statements_covered": 66.66666666666667, "percent_statements_covered_display": "66.67"}, "missing_lines": [110], "excluded_lines": []}, "MIDDevice.ups_power": {"executed_lines": [120, 122], "summary": {"covered_lines": 2, "num_statements": 3, "percent_covered": 66.66666666666667, "percent_covered_display": "66.67", "missing_lines": 1, "excluded_lines": 0, "percent_statements_covered": 66.66666666666667, "percent_statements_covered_display": "66.67"}, "missing_lines": [121], "excluded_lines": []}, "MIDDevice.hybrid_power": {"executed_lines": [131, 133], "summary": {"covered_lines": 2, "num_statements": 3, "percent_covered": 66.66666666666667, "percent_covered_display": "66.67", "missing_lines": 1, "excluded_lines": 0, "percent_statements_covered": 66.66666666666667, "percent_statements_covered_display": "66.67"}, "missing_lines": [132], "excluded_lines": []}, "MIDDevice.grid_frequency": {"executed_lines": [142, 144], "summary": {"covered_lines": 2, "num_statements": 3, "percent_covered": 66.66666666666667, "percent_covered_display": "66.67", "missing_lines": 1, "excluded_lines": 0, "percent_statements_covered": 66.66666666666667, "percent_statements_covered_display": "66.67"}, "missing_lines": [143], "excluded_lines": []}, "MIDDevice.firmware_version": {"executed_lines": [153, 154, 155], "summary": {"covered_lines": 3, "num_statements": 3, "percent_covered": 100.0, "percent_covered_display": "100.00", "missing_lines": 0, "excluded_lines": 0, "percent_statements_covered": 100.0, "percent_statements_covered_display": "100.00"}, "missing_lines": [], "excluded_lines": []}, "MIDDevice.to_device_info": {"executed_lines": [163], "summary": {"covered_lines": 1, "num_statements": 1, "percent_covered": 100.0, "percent_covered_display": "100.00", "missing_lines": 0, "excluded_lines": 0, "percent_statements_covered": 100.0, "percent_statements_covered_display": "100.00"}, "missing_lines": [], "excluded_lines": []}, "MIDDevice.to_entities": {"executed_lines": [180, 181, 183, 186, 198, 210, 222, 234, 246, 257], "summary": {"covered_lines": 10, "num_statements": 10, "percent_covered": 100.0, "percent_covered_display": "100.00", "missing_lines": 0, "excluded_lines": 0, "percent_statements_covered": 100.0, "percent_statements_covered_display": "100.00"}, "missing_lines": [], "excluded_lines": []}, "": {"executed_lines": [1, 7, 9, 10, 12, 13, 15, 20, 21, 43, 61, 71, 72, 80, 81, 91, 92, 102, 103, 113, 114, 124, 125, 135, 136, 146, 147, 157, 171], "summary": {"covered_lines": 26, "num_statements": 26, "percent_covered": 100.0, "percent_covered_display": "100.00", "missing_lines": 0, "excluded_lines": 3, "percent_statements_covered": 100.0, "percent_statements_covered_display": "100.00"}, "missing_lines": [], "excluded_lines": [15, 16, 17]}}, "classes": {"MIDDevice": {"executed_lines": [56, 59, 63, 64, 65, 66, 67, 69, 78, 87, 89, 98, 100, 109, 111, 120, 122, 131, 133, 142, 144, 153, 154, 155, 163, 180, 181, 183, 186, 198, 210, 222, 234, 246, 257], "summary": {"covered_lines": 35, "num_statements": 41, "percent_covered": 85.36585365853658, "percent_covered_display": "85.37", "missing_lines": 6, "excluded_lines": 0, "percent_statements_covered": 85.36585365853658, "percent_statements_covered_display": "85.37"}, "missing_lines": [88, 99, 110, 121, 132, 143], "excluded_lines": []}, "": {"executed_lines": [1, 7, 9, 10, 12, 13, 15, 20, 21, 43, 61, 71, 72, 80, 81, 91, 92, 102, 103, 113, 114, 124, 125, 135, 136, 146, 147, 157, 171], "summary": {"covered_lines": 26, "num_statements": 26, "percent_covered": 100.0, "percent_covered_display": "100.00", "missing_lines": 0, "excluded_lines": 3, "percent_statements_covered": 100.0, "percent_statements_covered_display": "100.00"}, "missing_lines": [], "excluded_lines": [15, 16, 17]}}}, "src/pylxpweb/devices/models.py": {"executed_lines": [1, 7, 9, 11, 14, 15, 32, 35, 36, 37, 38, 39, 42, 43, 47, 50, 51, 70, 71, 72, 75, 78, 81, 82, 85, 86, 90, 94, 95, 98, 99, 100, 101, 102, 103, 104, 105, 108, 109, 113, 114, 116, 117, 118, 122, 123, 125, 126], "summary": {"covered_lines": 42, "num_statements": 42, "percent_covered": 100.0, "percent_covered_display": "100.00", "missing_lines": 0, "excluded_lines": 0, "percent_statements_covered": 100.0, "percent_statements_covered_display": "100.00"}, "missing_lines": [], "excluded_lines": [], "functions": {"": {"executed_lines": [1, 7, 9, 11, 14, 15, 32, 35, 36, 37, 38, 39, 42, 43, 47, 50, 51, 70, 71, 72, 75, 78, 81, 82, 85, 86, 90, 94, 95, 98, 99, 100, 101, 102, 103, 104, 105, 108, 109, 113, 114, 116, 117, 118, 122, 123, 125, 126], "summary": {"covered_lines": 42, "num_statements": 42, "percent_covered": 100.0, "percent_covered_display": "100.00", "missing_lines": 0, "excluded_lines": 0, "percent_statements_covered": 100.0, "percent_statements_covered_display": "100.00"}, "missing_lines": [], "excluded_lines": []}}, "classes": {"DeviceInfo": {"executed_lines": [], "summary": {"covered_lines": 0, "num_statements": 0, "percent_covered": 100.0, "percent_covered_display": "100.00", "missing_lines": 0, "excluded_lines": 0, "percent_statements_covered": 100.0, "percent_statements_covered_display": "100.00"}, "missing_lines": [], "excluded_lines": []}, "Entity": {"executed_lines": [], "summary": {"covered_lines": 0, "num_statements": 0, "percent_covered": 100.0, "percent_covered_display": "100.00", "missing_lines": 0, "excluded_lines": 0, "percent_statements_covered": 100.0, "percent_statements_covered_display": "100.00"}, "missing_lines": [], "excluded_lines": []}, "DeviceClass": {"executed_lines": [], "summary": {"covered_lines": 0, "num_statements": 0, "percent_covered": 100.0, "percent_covered_display": "100.00", "missing_lines": 0, "excluded_lines": 0, "percent_statements_covered": 100.0, "percent_statements_covered_display": "100.00"}, "missing_lines": [], "excluded_lines": []}, "StateClass": {"executed_lines": [], "summary": {"covered_lines": 0, "num_statements": 0, "percent_covered": 100.0, "percent_covered_display": "100.00", "missing_lines": 0, "excluded_lines": 0, "percent_statements_covered": 100.0, "percent_statements_covered_display": "100.00"}, "missing_lines": [], "excluded_lines": []}, "EntityCategory": {"executed_lines": [], "summary": {"covered_lines": 0, "num_statements": 0, "percent_covered": 100.0, "percent_covered_display": "100.00", "missing_lines": 0, "excluded_lines": 0, "percent_statements_covered": 100.0, "percent_statements_covered_display": "100.00"}, "missing_lines": [], "excluded_lines": []}, "": {"executed_lines": [1, 7, 9, 11, 14, 15, 32, 35, 36, 37, 38, 39, 42, 43, 47, 50, 51, 70, 71, 72, 75, 78, 81, 82, 85, 86, 90, 94, 95, 98, 99, 100, 101, 102, 103, 104, 105, 108, 109, 113, 114, 116, 117, 118, 122, 123, 125, 126], "summary": {"covered_lines": 42, "num_statements": 42, "percent_covered": 100.0, "percent_covered_display": "100.00", "missing_lines": 0, "excluded_lines": 0, "percent_statements_covered": 100.0, "percent_statements_covered_display": "100.00"}, "missing_lines": [], "excluded_lines": []}}}, "src/pylxpweb/devices/parallel_group.py": {"executed_lines": [1, 7, 9, 11, 17, 18, 42, 57, 58, 59, 60, 63, 64, 66, 73, 75, 78, 79, 80, 83, 84, 87, 88, 90, 96, 97, 99, 101, 109, 110, 111, 113, 118, 119, 136, 137, 140, 151], "summary": {"covered_lines": 35, "num_statements": 36, "percent_covered": 97.22222222222223, "percent_covered_display": "97.22", "missing_lines": 1, "excluded_lines": 3, "percent_statements_covered": 97.22222222222223, "percent_statements_covered_display": "97.22"}, "missing_lines": [106], "excluded_lines": [11, 12, 14], "functions": {"ParallelGroup.__init__": {"executed_lines": [57, 58, 59, 60, 63, 64], "summary": {"covered_lines": 6, "num_statements": 6, "percent_covered": 100.0, "percent_covered_display": "100.00", "missing_lines": 0, "excluded_lines": 0, "percent_statements_covered": 100.0, "percent_statements_covered_display": "100.00"}, "missing_lines": [], "excluded_lines": []}, "ParallelGroup.refresh": {"executed_lines": [73, 75, 78, 79, 80, 83, 84, 87, 88], "summary": {"covered_lines": 9, "num_statements": 9, "percent_covered": 100.0, "percent_covered_display": "100.00", "missing_lines": 0, "excluded_lines": 0, "percent_statements_covered": 100.0, "percent_statements_covered_display": "100.00"}, "missing_lines": [], "excluded_lines": []}, "ParallelGroup.get_combined_energy": {"executed_lines": [96, 97, 99, 101, 109, 110, 111, 113], "summary": {"covered_lines": 8, "num_statements": 9, "percent_covered": 88.88888888888889, "percent_covered_display": "88.89", "missing_lines": 1, "excluded_lines": 0, "percent_statements_covered": 88.88888888888889, "percent_statements_covered_display": "88.89"}, "missing_lines": [106], "excluded_lines": []}, "ParallelGroup.from_api_data": {"executed_lines": [136, 137, 140, 151], "summary": {"covered_lines": 4, "num_statements": 4, "percent_covered": 100.0, "percent_covered_display": "100.00", "missing_lines": 0, "excluded_lines": 0, "percent_statements_covered": 100.0, "percent_statements_covered_display": "100.00"}, "missing_lines": [], "excluded_lines": []}, "": {"executed_lines": [1, 7, 9, 11, 17, 18, 42, 66, 90, 118, 119], "summary": {"covered_lines": 8, "num_statements": 8, "percent_covered": 100.0, "percent_covered_display": "100.00", "missing_lines": 0, "excluded_lines": 3, "percent_statements_covered": 100.0, "percent_statements_covered_display": "100.00"}, "missing_lines": [], "excluded_lines": [11, 12, 14]}}, "classes": {"ParallelGroup": {"executed_lines": [57, 58, 59, 60, 63, 64, 73, 75, 78, 79, 80, 83, 84, 87, 88, 96, 97, 99, 101, 109, 110, 111, 113, 136, 137, 140, 151], "summary": {"covered_lines": 27, "num_statements": 28, "percent_covered": 96.42857142857143, "percent_covered_display": "96.43", "missing_lines": 1, "excluded_lines": 0, "percent_statements_covered": 96.42857142857143, "percent_statements_covered_display": "96.43"}, "missing_lines": [106], "excluded_lines": []}, "": {"executed_lines": [1, 7, 9, 11, 17, 18, 42, 66, 90, 118, 119], "summary": {"covered_lines": 8, "num_statements": 8, "percent_covered": 100.0, "percent_covered_display": "100.00", "missing_lines": 0, "excluded_lines": 3, "percent_statements_covered": 100.0, "percent_statements_covered_display": "100.00"}, "missing_lines": [], "excluded_lines": [11, 12, 14]}}}, "src/pylxpweb/devices/station.py": {"executed_lines": [1, 7, 9, 10, 11, 13, 15, 16, 18, 22, 23, 24, 33, 34, 35, 36, 39, 40, 69, 90, 92, 93, 94, 95, 96, 99, 100, 101, 103, 104, 110, 112, 116, 117, 119, 120, 126, 127, 134, 136, 145, 177, 205, 211, 218, 224, 227, 239, 250, 252, 253, 269, 272, 275, 283, 284, 285, 290, 300, 302, 304, 305, 322, 325, 327, 328, 330, 339, 340, 341, 343, 344, 346, 349, 352, 353, 361, 362, 372, 403, 476, 479, 481], "summary": {"covered_lines": 79, "num_statements": 160, "percent_covered": 49.375, "percent_covered_display": "49.38", "missing_lines": 81, "excluded_lines": 2, "percent_statements_covered": 49.375, "percent_statements_covered_display": "49.38"}, "missing_lines": [113, 114, 128, 133, 143, 153, 155, 158, 159, 160, 163, 164, 169, 172, 173, 175, 183, 184, 186, 188, 193, 196, 197, 198, 200, 286, 287, 354, 355, 356, 357, 358, 363, 364, 367, 368, 369, 374, 375, 377, 381, 382, 383, 384, 385, 388, 390, 391, 397, 398, 408, 409, 410, 412, 414, 415, 418, 421, 422, 427, 428, 429, 430, 431, 436, 438, 441, 444, 449, 451, 452, 453, 454, 455, 456, 461, 464, 465, 466, 473, 474], "excluded_lines": [18, 19], "functions": {"Station.__init__": {"executed_lines": [90, 92, 93, 94, 95, 96, 99, 100, 101], "summary": {"covered_lines": 9, "num_statements": 9, "percent_covered": 100.0, "percent_covered_display": "100.00", "missing_lines": 0, "excluded_lines": 0, "percent_statements_covered": 100.0, "percent_statements_covered_display": "100.00"}, "missing_lines": [], "excluded_lines": []}, "Station.all_inverters": {"executed_lines": [110, 112, 116, 117], "summary": {"covered_lines": 4, "num_statements": 6, "percent_covered": 66.66666666666667, "percent_covered_display": "66.67", "missing_lines": 2, "excluded_lines": 0, "percent_statements_covered": 66.66666666666667, "percent_statements_covered_display": "66.67"}, "missing_lines": [113, 114], "excluded_lines": []}, "Station.all_batteries": {"executed_lines": [126, 127, 134], "summary": {"covered_lines": 3, "num_statements": 5, "percent_covered": 60.0, "percent_covered_display": "60.00", "missing_lines": 2, "excluded_lines": 0, "percent_statements_covered": 60.0, "percent_statements_covered_display": "60.00"}, "missing_lines": [128, 133], "excluded_lines": []}, "Station.refresh": {"executed_lines": [], "summary": {"covered_lines": 0, "num_statements": 1, "percent_covered": 0.0, "percent_covered_display": "0.00", "missing_lines": 1, "excluded_lines": 0, "percent_statements_covered": 0.0, "percent_statements_covered_display": "0.00"}, "missing_lines": [143], "excluded_lines": []}, "Station.refresh_all_data": {"executed_lines": [], "summary": {"covered_lines": 0, "num_statements": 11, "percent_covered": 0.0, "percent_covered_display": "0.00", "missing_lines": 11, "excluded_lines": 0, "percent_statements_covered": 0.0, "percent_statements_covered_display": "0.00"}, "missing_lines": [153, 155, 158, 159, 160, 163, 164, 169, 172, 173, 175], "excluded_lines": []}, "Station.get_total_production": {"executed_lines": [], "summary": {"covered_lines": 0, "num_statements": 9, "percent_covered": 0.0, "percent_covered_display": "0.00", "missing_lines": 9, "excluded_lines": 0, "percent_statements_covered": 0.0, "percent_statements_covered_display": "0.00"}, "missing_lines": [183, 184, 186, 188, 193, 196, 197, 198, 200], "excluded_lines": []}, "Station.to_device_info": {"executed_lines": [211], "summary": {"covered_lines": 1, "num_statements": 1, "percent_covered": 100.0, "percent_covered_display": "100.00", "missing_lines": 0, "excluded_lines": 0, "percent_statements_covered": 100.0, "percent_statements_covered_display": "100.00"}, "missing_lines": [], "excluded_lines": []}, "Station.to_entities": {"executed_lines": [224, 227, 239, 250], "summary": {"covered_lines": 4, "num_statements": 4, "percent_covered": 100.0, "percent_covered_display": "100.00", "missing_lines": 0, "excluded_lines": 0, "percent_statements_covered": 100.0, "percent_statements_covered_display": "100.00"}, "missing_lines": [], "excluded_lines": []}, "Station.load": {"executed_lines": [269, 272, 275, 283, 284, 285, 290, 300, 302], "summary": {"covered_lines": 9, "num_statements": 11, "percent_covered": 81.81818181818181, "percent_covered_display": "81.82", "missing_lines": 2, "excluded_lines": 0, "percent_statements_covered": 81.81818181818181, "percent_statements_covered_display": "81.82"}, "missing_lines": [286, 287], "excluded_lines": []}, "Station.load_all": {"executed_lines": [322, 325, 327, 328], "summary": {"covered_lines": 4, "num_statements": 4, "percent_covered": 100.0, "percent_covered_display": "100.00", "missing_lines": 0, "excluded_lines": 0, "percent_statements_covered": 100.0, "percent_statements_covered_display": "100.00"}, "missing_lines": [], "excluded_lines": []}, "Station._load_devices": {"executed_lines": [339, 340, 341, 343, 344, 346, 349, 352, 353, 361, 362, 372, 403, 476, 479, 481], "summary": {"covered_lines": 16, "num_statements": 70, "percent_covered": 22.857142857142858, "percent_covered_display": "22.86", "missing_lines": 54, "excluded_lines": 0, "percent_statements_covered": 22.857142857142858, "percent_statements_covered_display": "22.86"}, "missing_lines": [354, 355, 356, 357, 358, 363, 364, 367, 368, 369, 374, 375, 377, 381, 382, 383, 384, 385, 388, 390, 391, 397, 398, 408, 409, 410, 412, 414, 415, 418, 421, 422, 427, 428, 429, 430, 431, 436, 438, 441, 444, 449, 451, 452, 453, 454, 455, 456, 461, 464, 465, 466, 473, 474], "excluded_lines": []}, "": {"executed_lines": [1, 7, 9, 10, 11, 13, 15, 16, 18, 22, 23, 24, 33, 34, 35, 36, 39, 40, 69, 103, 104, 119, 120, 136, 145, 177, 205, 218, 252, 253, 304, 305, 330], "summary": {"covered_lines": 29, "num_statements": 29, "percent_covered": 100.0, "percent_covered_display": "100.00", "missing_lines": 0, "excluded_lines": 2, "percent_statements_covered": 100.0, "percent_statements_covered_display": "100.00"}, "missing_lines": [], "excluded_lines": [18, 19]}}, "classes": {"Location": {"executed_lines": [], "summary": {"covered_lines": 0, "num_statements": 0, "percent_covered": 100.0, "percent_covered_display": "100.00", "missing_lines": 0, "excluded_lines": 0, "percent_statements_covered": 100.0, "percent_statements_covered_display": "100.00"}, "missing_lines": [], "excluded_lines": []}, "Station": {"executed_lines": [90, 92, 93, 94, 95, 96, 99, 100, 101, 110, 112, 116, 117, 126, 127, 134, 211, 224, 227, 239, 250, 269, 272, 275, 283, 284, 285, 290, 300, 302, 322, 325, 327, 328, 339, 340, 341, 343, 344, 346, 349, 352, 353, 361, 362, 372, 403, 476, 479, 481], "summary": {"covered_lines": 50, "num_statements": 131, "percent_covered": 38.16793893129771, "percent_covered_display": "38.17", "missing_lines": 81, "excluded_lines": 0, "percent_statements_covered": 38.16793893129771, "percent_statements_covered_display": "38.17"}, "missing_lines": [113, 114, 128, 133, 143, 153, 155, 158, 159, 160, 163, 164, 169, 172, 173, 175, 183, 184, 186, 188, 193, 196, 197, 198, 200, 286, 287, 354, 355, 356, 357, 358, 363, 364, 367, 368, 369, 374, 375, 377, 381, 382, 383, 384, 385, 388, 390, 391, 397, 398, 408, 409, 410, 412, 414, 415, 418, 421, 422, 427, 428, 429, 430, 431, 436, 438, 441, 444, 449, 451, 452, 453, 454, 455, 456, 461, 464, 465, 466, 473, 474], "excluded_lines": []}, "": {"executed_lines": [1, 7, 9, 10, 11, 13, 15, 16, 18, 22, 23, 24, 33, 34, 35, 36, 39, 40, 69, 103, 104, 119, 120, 136, 145, 177, 205, 218, 252, 253, 304, 305, 330], "summary": {"covered_lines": 29, "num_statements": 29, "percent_covered": 100.0, "percent_covered_display": "100.00", "missing_lines": 0, "excluded_lines": 2, "percent_statements_covered": 100.0, "percent_statements_covered_display": "100.00"}, "missing_lines": [], "excluded_lines": [18, 19]}}}, "src/pylxpweb/endpoints/__init__.py": {"executed_lines": [1, 7, 9, 10, 11, 12, 13, 14, 15, 16, 18], "summary": {"covered_lines": 10, "num_statements": 10, "percent_covered": 100.0, "percent_covered_display": "100.00", "missing_lines": 0, "excluded_lines": 0, "percent_statements_covered": 100.0, "percent_statements_covered_display": "100.00"}, "missing_lines": [], "excluded_lines": [], "functions": {"": {"executed_lines": [1, 7, 9, 10, 11, 12, 13, 14, 15, 16, 18], "summary": {"covered_lines": 10, "num_statements": 10, "percent_covered": 100.0, "percent_covered_display": "100.00", "missing_lines": 0, "excluded_lines": 0, "percent_statements_covered": 100.0, "percent_statements_covered_display": "100.00"}, "missing_lines": [], "excluded_lines": []}}, "classes": {"": {"executed_lines": [1, 7, 9, 10, 11, 12, 13, 14, 15, 16, 18], "summary": {"covered_lines": 10, "num_statements": 10, "percent_covered": 100.0, "percent_covered_display": "100.00", "missing_lines": 0, "excluded_lines": 0, "percent_statements_covered": 100.0, "percent_statements_covered_display": "100.00"}, "missing_lines": [], "excluded_lines": []}}}, "src/pylxpweb/endpoints/analytics.py": {"executed_lines": [1, 10, 12, 13, 15, 17, 21, 22, 24, 30, 32, 83, 146, 198, 246, 290, 355, 401], "summary": {"covered_lines": 15, "num_statements": 50, "percent_covered": 30.0, "percent_covered_display": "30.00", "missing_lines": 35, "excluded_lines": 2, "percent_statements_covered": 30.0, "percent_statements_covered_display": "30.00"}, "missing_lines": [67, 69, 75, 81, 124, 127, 129, 138, 144, 180, 182, 190, 196, 229, 231, 238, 244, 274, 276, 282, 288, 337, 339, 347, 353, 386, 388, 390, 391, 399, 433, 435, 437, 438, 446], "excluded_lines": [17, 18], "functions": {"AnalyticsEndpoints.__init__": {"executed_lines": [30], "summary": {"covered_lines": 1, "num_statements": 1, "percent_covered": 100.0, "percent_covered_display": "100.00", "missing_lines": 0, "excluded_lines": 0, "percent_statements_covered": 100.0, "percent_statements_covered_display": "100.00"}, "missing_lines": [], "excluded_lines": []}, "AnalyticsEndpoints.get_chart_data": {"executed_lines": [], "summary": {"covered_lines": 0, "num_statements": 4, "percent_covered": 0.0, "percent_covered_display": "0.00", "missing_lines": 4, "excluded_lines": 0, "percent_statements_covered": 0.0, "percent_statements_covered_display": "0.00"}, "missing_lines": [67, 69, 75, 81], "excluded_lines": []}, "AnalyticsEndpoints.get_energy_day_breakdown": {"executed_lines": [], "summary": {"covered_lines": 0, "num_statements": 5, "percent_covered": 0.0, "percent_covered_display": "0.00", "missing_lines": 5, "excluded_lines": 0, "percent_statements_covered": 0.0, "percent_statements_covered_display": "0.00"}, "missing_lines": [124, 127, 129, 138, 144], "excluded_lines": []}, "AnalyticsEndpoints.get_energy_month_breakdown": {"executed_lines": [], "summary": {"covered_lines": 0, "num_statements": 4, "percent_covered": 0.0, "percent_covered_display": "0.00", "missing_lines": 4, "excluded_lines": 0, "percent_statements_covered": 0.0, "percent_statements_covered_display": "0.00"}, "missing_lines": [180, 182, 190, 196], "excluded_lines": []}, "AnalyticsEndpoints.get_energy_year_breakdown": {"executed_lines": [], "summary": {"covered_lines": 0, "num_statements": 4, "percent_covered": 0.0, "percent_covered_display": "0.00", "missing_lines": 4, "excluded_lines": 0, "percent_statements_covered": 0.0, "percent_statements_covered_display": "0.00"}, "missing_lines": [229, 231, 238, 244], "excluded_lines": []}, "AnalyticsEndpoints.get_energy_total_breakdown": {"executed_lines": [], "summary": {"covered_lines": 0, "num_statements": 4, "percent_covered": 0.0, "percent_covered_display": "0.00", "missing_lines": 4, "excluded_lines": 0, "percent_statements_covered": 0.0, "percent_statements_covered_display": "0.00"}, "missing_lines": [274, 276, 282, 288], "excluded_lines": []}, "AnalyticsEndpoints.get_event_list": {"executed_lines": [], "summary": {"covered_lines": 0, "num_statements": 4, "percent_covered": 0.0, "percent_covered_display": "0.00", "missing_lines": 4, "excluded_lines": 0, "percent_statements_covered": 0.0, "percent_statements_covered_display": "0.00"}, "missing_lines": [337, 339, 347, 353], "excluded_lines": []}, "AnalyticsEndpoints.get_battery_list": {"executed_lines": [], "summary": {"covered_lines": 0, "num_statements": 5, "percent_covered": 0.0, "percent_covered_display": "0.00", "missing_lines": 5, "excluded_lines": 0, "percent_statements_covered": 0.0, "percent_statements_covered_display": "0.00"}, "missing_lines": [386, 388, 390, 391, 399], "excluded_lines": []}, "AnalyticsEndpoints.get_inverter_info": {"executed_lines": [], "summary": {"covered_lines": 0, "num_statements": 5, "percent_covered": 0.0, "percent_covered_display": "0.00", "missing_lines": 5, "excluded_lines": 0, "percent_statements_covered": 0.0, "percent_statements_covered_display": "0.00"}, "missing_lines": [433, 435, 437, 438, 446], "excluded_lines": []}, "": {"executed_lines": [1, 10, 12, 13, 15, 17, 21, 22, 24, 32, 83, 146, 1
[...]
nt_statements_covered": 0.0, "percent_statements_covered_display": "0.00"}, "missing_lines": [926], "excluded_lines": []}, "UpdateEligibilityStatus.is_allowed": {"executed_lines": [], "summary": {"covered_lines": 0, "num_statements": 1, "percent_covered": 0.0, "percent_covered_display": "0.00", "missing_lines": 1, "excluded_lines": 0, "percent_statements_covered": 0.0, "percent_statements_covered_display": "0.00"}, "missing_lines": [937], "excluded_lines": []}, "": {"executed_lines": [1, 7, 9, 10, 12, 15, 22, 32, 41, 42, 44, 45, 48, 49, 51, 52, 53, 59, 60, 62, 63, 66, 67, 69, 70, 73, 74, 76, 77, 78, 79, 80, 81, 82, 83, 84, 85, 86, 87, 89, 90, 95, 96, 98, 99, 100, 101, 102, 103, 104, 105, 106, 107, 108, 109, 110, 111, 112, 113, 114, 115, 116, 117, 118, 119, 120, 121, 122, 124, 125, 130, 131, 133, 134, 137, 138, 140, 141, 142, 143, 144, 145, 148, 149, 151, 152, 153, 154, 155, 158, 159, 161, 162, 163, 164, 165, 166, 167, 168, 169, 170, 171, 172, 173, 174, 175, 176, 177, 178, 179, 180, 181, 182, 183, 184, 185, 186, 187, 188, 189, 190, 191, 192, 193, 194, 195, 196, 198, 199, 203, 204, 208, 209, 217, 218, 220, 221, 222, 223, 224, 225, 226, 227, 228, 229, 230, 231, 232, 233, 234, 235, 237, 238, 242, 243, 247, 248, 253, 254, 256, 257, 263, 264, 266, 267, 268, 269, 270, 271, 272, 273, 274, 275, 277, 278, 283, 284, 286, 287, 288, 289, 290, 291, 292, 293, 294, 295, 297, 298, 299, 300, 301, 302, 303, 304, 305, 306, 307, 309, 310, 315, 316, 321, 322, 323, 324, 325, 328, 329, 331, 332, 335, 336, 338, 339, 340, 341, 342, 343, 344, 345, 346, 347, 348, 349, 350, 351, 352, 353, 354, 355, 356, 357, 358, 359, 360, 361, 362, 363, 364, 365, 366, 367, 369, 370, 375, 376, 378, 379, 380, 386, 387, 397, 398, 399, 400, 401, 402, 403, 404, 405, 406, 407, 408, 409, 410, 411, 412, 413, 415, 416, 417, 418, 420, 421, 422, 423, 425, 426, 427, 429, 430, 432, 433, 434, 435, 436, 438, 439, 441, 442, 443, 444, 446, 447, 448, 450, 451, 452, 453, 454, 455, 457, 458, 459, 461, 462, 463, 465, 466, 467, 468, 469, 470, 471, 472, 474, 475, 476, 477, 478, 480, 481, 482, 483, 484, 486, 488, 489, 498, 499, 505, 506, 512, 513, 514, 516, 517, 518, 519, 520, 521, 523, 524, 525, 526, 527, 528, 534, 535, 540, 541, 542, 543, 545, 547, 548, 549, 550, 551, 553, 554, 556, 557, 558, 559, 562, 563, 565, 566, 567, 568, 569, 570, 571, 572, 573, 574, 577, 578, 580, 581, 582, 583, 586, 587, 593, 594, 595, 596, 599, 600, 602, 603, 604, 607, 608, 614, 615, 616, 617, 618, 619, 620, 621, 622, 623, 624, 625, 626, 627, 628, 629, 630, 631, 632, 633, 634, 635, 637, 638, 646, 647, 653, 654, 655, 657, 658, 659, 660, 661, 662, 663, 664, 665, 667, 668, 669, 670, 671, 672, 673, 674, 676, 677, 678, 679, 680, 681, 682, 683, 684, 686, 687, 688, 689, 691, 694, 695, 697, 698, 699, 700, 706, 707, 713, 714, 715, 716, 717, 718, 719, 722, 724, 725, 729, 730, 744, 745, 747, 748, 751, 752, 754, 755, 758, 759, 761, 762, 768, 773, 778, 783, 788, 793, 801, 802, 804, 805, 806, 807, 808, 811, 812, 814, 815, 816, 817, 820, 821, 823, 824, 825, 826, 827, 829, 830, 831, 833, 834, 835, 836, 838, 840, 841, 842, 844, 845, 846, 847, 849, 850, 851, 853, 854, 858, 862, 866, 871, 872, 874, 875, 876, 879, 880, 882, 883, 884, 885, 886, 887, 888, 889, 890, 891, 892, 894, 895, 899, 905, 911, 916, 917, 919, 920, 921, 922, 924, 929, 930, 932, 933, 935], "summary": {"covered_lines": 533, "num_statements": 533, "percent_covered": 100.0, "percent_covered_display": "100.00", "missing_lines": 0, "excluded_lines": 0, "percent_statements_covered": 100.0, "percent_statements_covered_display": "100.00"}, "missing_lines": [], "excluded_lines": []}}, "classes": {"BatteryType": {"executed_lines": [], "summary": {"covered_lines": 0, "num_statements": 0, "percent_covered": 100.0, "percent_covered_display": "100.00", "missing_lines": 0, "excluded_lines": 0, "percent_statements_covered": 100.0, "percent_statements_covered_display": "100.00"}, "missing_lines": [], "excluded_lines": []}, "UserRole": {"executed_lines": [], "summary": {"covered_lines": 0, "num_statements": 0, "percent_covered": 100.0, "percent_covered_display": "100.00", "missing_lines": 0, "excluded_lines": 0, "percent_statements_covered": 100.0, "percent_statements_covered_display": "100.00"}, "missing_lines": [], "excluded_lines": []}, "RegionInfo": {"executed_lines": [], "summary": {"covered_lines": 0, "num_statements": 0, "percent_covered": 100.0, "percent_covered_display": "100.00", "missing_lines": 0, "excluded_lines": 0, "percent_statements_covered": 100.0, "percent_statements_covered_display": "100.00"}, "missing_lines": [], "excluded_lines": []}, "CountryInfo": {"executed_lines": [], "summary": {"covered_lines": 0, "num_statements": 0, "percent_covered": 100.0, "percent_covered_display": "100.00", "missing_lines": 0, "excluded_lines": 0, "percent_statements_covered": 100.0, "percent_statements_covered_display": "100.00"}, "missing_lines": [], "excluded_lines": []}, "UserVisitRecord": {"executed_lines": [92], "summary": {"covered_lines": 1, "num_statements": 1, "percent_covered": 100.0, "percent_covered_display": "100.00", "missing_lines": 0, "excluded_lines": 0, "percent_statements_covered": 100.0, "percent_statements_covered_display": "100.00"}, "missing_lines": [], "excluded_lines": []}, "InverterBasic": {"executed_lines": [127], "summary": {"covered_lines": 1, "num_statements": 1, "percent_covered": 100.0, "percent_covered_display": "100.00", "missing_lines": 0, "excluded_lines": 0, "percent_statements_covered": 100.0, "percent_statements_covered_display": "100.00"}, "missing_lines": [], "excluded_lines": []}, "ParallelGroupBasic": {"executed_lines": [], "summary": {"covered_lines": 0, "num_statements": 0, "percent_covered": 100.0, "percent_covered_display": "100.00", "missing_lines": 0, "excluded_lines": 0, "percent_statements_covered": 100.0, "percent_statements_covered_display": "100.00"}, "missing_lines": [], "excluded_lines": []}, "PlantBasic": {"executed_lines": [], "summary": {"covered_lines": 0, "num_statements": 0, "percent_covered": 100.0, "percent_covered_display": "100.00", "missing_lines": 0, "excluded_lines": 0, "percent_statements_covered": 100.0, "percent_statements_covered_display": "100.00"}, "missing_lines": [], "excluded_lines": []}, "TechInfo": {"executed_lines": [], "summary": {"covered_lines": 0, "num_statements": 0, "percent_covered": 100.0, "percent_covered_display": "100.00", "missing_lines": 0, "excluded_lines": 0, "percent_statements_covered": 100.0, "percent_statements_covered_display": "100.00"}, "missing_lines": [], "excluded_lines": []}, "LoginResponse": {"executed_lines": [201, 206, 211], "summary": {"covered_lines": 3, "num_statements": 3, "percent_covered": 100.0, "percent_covered_display": "100.00", "missing_lines": 0, "excluded_lines": 0, "percent_statements_covered": 100.0, "percent_statements_covered_display": "100.00"}, "missing_lines": [], "excluded_lines": []}, "PlantInfo": {"executed_lines": [240, 245, 250], "summary": {"covered_lines": 3, "num_statements": 3, "percent_covered": 100.0, "percent_covered_display": "100.00", "missing_lines": 0, "excluded_lines": 0, "percent_statements_covered": 100.0, "percent_statements_covered_display": "100.00"}, "missing_lines": [], "excluded_lines": []}, "PlantListResponse": {"executed_lines": [], "summary": {"covered_lines": 0, "num_statements": 0, "percent_covered": 100.0, "percent_covered_display": "100.00", "missing_lines": 0, "excluded_lines": 0, "percent_statements_covered": 100.0, "percent_statements_covered_display": "100.00"}, "missing_lines": [], "excluded_lines": []}, "InverterDevice": {"executed_lines": [], "summary": {"covered_lines": 0, "num_statements": 1, "percent_covered": 0.0, "percent_covered_display": "0.00", "missing_lines": 1, "excluded_lines": 0, "percent_statements_covered": 0.0, "percent_statements_covered_display": "0.00"}, "missing_lines": [280], "excluded_lines": []}, "ParallelGroupDeviceItem": {"executed_lines": [], "summary": {"covered_lines": 0, "num_statements": 1, "percent_covered": 0.0, "percent_covered_display": "0.00", "missing_lines": 1, "excluded_lines": 0, "percent_statements_covered": 0.0, "percent_statements_covered_display": "0.00"}, "missing_lines": [312], "excluded_lines": []}, "ParallelGroupDetailsResponse": {"executed_lines": [], "summary": {"covered_lines": 0, "num_statements": 0, "percent_covered": 100.0, "percent_covered_display": "100.00", "missing_lines": 0, "excluded_lines": 0, "percent_statements_covered": 100.0, "percent_statements_covered_display": "100.00"}, "missing_lines": [], "excluded_lines": []}, "InverterListResponse": {"executed_lines": [], "summary": {"covered_lines": 0, "num_statements": 0, "percent_covered": 100.0, "percent_covered_display": "100.00", "missing_lines": 0, "excluded_lines": 0, "percent_statements_covered": 100.0, "percent_statements_covered_display": "100.00"}, "missing_lines": [], "excluded_lines": []}, "InverterOverviewItem": {"executed_lines": [], "summary": {"covered_lines": 0, "num_statements": 1, "percent_covered": 0.0, "percent_covered_display": "0.00", "missing_lines": 1, "excluded_lines": 0, "percent_statements_covered": 0.0, "percent_statements_covered_display": "0.00"}, "missing_lines": [372], "excluded_lines": []}, "InverterOverviewResponse": {"executed_lines": [], "summary": {"covered_lines": 0, "num_statements": 0, "percent_covered": 100.0, "percent_covered_display": "100.00", "missing_lines": 0, "excluded_lines": 0, "percent_statements_covered": 100.0, "percent_statements_covered_display": "100.00"}, "missing_lines": [], "excluded_lines": []}, "InverterRuntime": {"executed_lines": [], "summary": {"covered_lines": 0, "num_statements": 1, "percent_covered": 0.0, "percent_covered_display": "0.00", "missing_lines": 1, "excluded_lines": 0, "percent_statements_covered": 0.0, "percent_statements_covered_display": "0.00"}, "missing_lines": [495], "excluded_lines": []}, "EnergyInfo": {"executed_lines": [], "summary": {"covered_lines": 0, "num_statements": 0, "percent_covered": 100.0, "percent_covered_display": "100.00", "missing_lines": 0, "excluded_lines": 0, "percent_statements_covered": 100.0, "percent_statements_covered_display": "100.00"}, "missing_lines": [], "excluded_lines": []}, "BatteryModule": {"executed_lines": [], "summary": {"covered_lines": 0, "num_statements": 0, "percent_covered": 100.0, "percent_covered_display": "100.00", "missing_lines": 0, "excluded_lines": 0, "percent_statements_covered": 100.0, "percent_statements_covered_display": "100.00"}, "missing_lines": [], "excluded_lines": []}, "BatteryInfo": {"executed_lines": [], "summary": {"covered_lines": 0, "num_statements": 0, "percent_covered": 100.0, "percent_covered_display": "100.00", "missing_lines": 0, "excluded_lines": 0, "percent_statements_covered": 100.0, "percent_statements_covered_display": "100.00"}, "missing_lines": [], "excluded_lines": []}, "BatteryListItem": {"executed_lines": [], "summary": {"covered_lines": 0, "num_statements": 0, "percent_covered": 100.0, "percent_covered_display": "100.00", "missing_lines": 0, "excluded_lines": 0, "percent_statements_covered": 100.0, "percent_statements_covered_display": "100.00"}, "missing_lines": [], "excluded_lines": []}, "BatteryListResponse": {"executed_lines": [], "summary": {"covered_lines": 0, "num_statements": 0, "percent_covered": 100.0, "percent_covered_display": "100.00", "missing_lines": 0, "excluded_lines": 0, "percent_statements_covered": 100.0, "percent_statements_covered_display": "100.00"}, "missing_lines": [], "excluded_lines": []}, "InverterDetail": {"executed_lines": [], "summary": {"covered_lines": 0, "num_statements": 0, "percent_covered": 100.0, "percent_covered_display": "100.00", "missing_lines": 0, "excluded_lines": 0, "percent_statements_covered": 100.0, "percent_statements_covered_display": "100.00"}, "missing_lines": [], "excluded_lines": []}, "InverterInfo": {"executed_lines": [], "summary": {"covered_lines": 0, "num_statements": 1, "percent_covered": 0.0, "percent_covered_display": "0.00", "missing_lines": 1, "excluded_lines": 0, "percent_statements_covered": 0.0, "percent_statements_covered_display": "0.00"}, "missing_lines": [640], "excluded_lines": []}, "MidboxData": {"executed_lines": [], "summary": {"covered_lines": 0, "num_statements": 0, "percent_covered": 100.0, "percent_covered_display": "100.00", "missing_lines": 0, "excluded_lines": 0, "percent_statements_covered": 100.0, "percent_statements_covered_display": "100.00"}, "missing_lines": [], "excluded_lines": []}, "MidboxRuntime": {"executed_lines": [], "summary": {"covered_lines": 0, "num_statements": 0, "percent_covered": 100.0, "percent_covered_display": "100.00", "missing_lines": 0, "excluded_lines": 0, "percent_statements_covered": 100.0, "percent_statements_covered_display": "100.00"}, "missing_lines": [], "excluded_lines": []}, "ParameterReadResponse": {"executed_lines": [], "summary": {"covered_lines": 0, "num_statements": 3, "percent_covered": 0.0, "percent_covered_display": "0.00", "missing_lines": 3, "excluded_lines": 0, "percent_statements_covered": 0.0, "percent_statements_covered_display": "0.00"}, "missing_lines": [727, 732, 741], "excluded_lines": []}, "QuickChargeStatus": {"executed_lines": [], "summary": {"covered_lines": 0, "num_statements": 0, "percent_covered": 100.0, "percent_covered_display": "100.00", "missing_lines": 0, "excluded_lines": 0, "percent_statements_covered": 100.0, "percent_statements_covered_display": "100.00"}, "missing_lines": [], "excluded_lines": []}, "SuccessResponse": {"executed_lines": [], "summary": {"covered_lines": 0, "num_statements": 0, "percent_covered": 100.0, "percent_covered_display": "100.00", "missing_lines": 0, "excluded_lines": 0, "percent_statements_covered": 100.0, "percent_statements_covered_display": "100.00"}, "missing_lines": [], "excluded_lines": []}, "ErrorResponse": {"executed_lines": [], "summary": {"covered_lines": 0, "num_statements": 0, "percent_covered": 100.0, "percent_covered_display": "100.00", "missing_lines": 0, "excluded_lines": 0, "percent_statements_covered": 100.0, "percent_statements_covered_display": "100.00"}, "missing_lines": [], "excluded_lines": []}, "UpdateStatus": {"executed_lines": [], "summary": {"covered_lines": 0, "num_statements": 0, "percent_covered": 100.0, "percent_covered_display": "100.00", "missing_lines": 0, "excluded_lines": 0, "percent_statements_covered": 100.0, "percent_statements_covered_display": "100.00"}, "missing_lines": [], "excluded_lines": []}, "UpdateEligibilityMessage": {"executed_lines": [], "summary": {"covered_lines": 0, "num_statements": 0, "percent_covered": 100.0, "percent_covered_display": "100.00", "missing_lines": 0, "excluded_lines": 0, "percent_statements_covered": 100.0, "percent_statements_covered_display": "100.00"}, "missing_lines": [], "excluded_lines": []}, "FirmwareUpdateDetails": {"executed_lines": [], "summary": {"covered_lines": 0, "num_statements": 4, "percent_covered": 0.0, "percent_covered_display": "0.00", "missing_lines": 4, "excluded_lines": 0, "percent_statements_covered": 0.0, "percent_statements_covered_display": "0.00"}, "missing_lines": [856, 860, 864, 868], "excluded_lines": []}, "FirmwareUpdateCheck": {"executed_lines": [], "summary": {"covered_lines": 0, "num_statements": 0, "percent_covered": 100.0, "percent_covered_display": "100.00", "missing_lines": 0, "excluded_lines": 0, "percent_statements_covered": 100.0, "percent_statements_covered_display": "100.00"}, "missing_lines": [], "excluded_lines": []}, "FirmwareDeviceInfo": {"executed_lines": [], "summary": {"covered_lines": 0, "num_statements": 4, "percent_covered": 0.0, "percent_covered_display": "0.00", "missing_lines": 4, "excluded_lines": 0, "percent_statements_covered": 0.0, "percent_statements_covered_display": "0.00"}, "missing_lines": [897, 901, 907, 913], "excluded_lines": []}, "FirmwareUpdateStatus": {"executed_lines": [], "summary": {"covered_lines": 0, "num_statements": 1, "percent_covered": 0.0, "percent_covered_display": "0.00", "missing_lines": 1, "excluded_lines": 0, "percent_statements_covered": 0.0, "percent_statements_covered_display": "0.00"}, "missing_lines": [926], "excluded_lines": []}, "UpdateEligibilityStatus": {"executed_lines": [], "summary": {"covered_lines": 0, "num_statements": 1, "percent_covered": 0.0, "percent_covered_display": "0.00", "missing_lines": 1, "excluded_lines": 0, "percent_statements_covered": 0.0, "percent_statements_covered_display": "0.00"}, "missing_lines": [937], "excluded_lines": []}, "": {"executed_lines": [1, 7, 9, 10, 12, 15, 17, 19, 22, 24, 26, 27, 29, 32, 41, 42, 44, 45, 48, 49, 51, 52, 53, 59, 60, 62, 63, 66, 67, 69, 70, 73, 74, 76, 77, 78, 79, 80, 81, 82, 83, 84, 85, 86, 87, 89, 90, 95, 96, 98, 99, 100, 101, 102, 103, 104, 105, 106, 107, 108, 109, 110, 111, 112, 113, 114, 115, 116, 117, 118, 119, 120, 121, 122, 124, 125, 130, 131, 133, 134, 137, 138, 140, 141, 142, 143, 144, 145, 148, 149, 151, 152, 153, 154, 155, 158, 159, 161, 162, 163, 164, 165, 166, 167, 168, 169, 170, 171, 172, 173, 174, 175, 176, 177, 178, 179, 180, 181, 182, 183, 184, 185, 186, 187, 188, 189, 190, 191, 192, 193, 194, 195, 196, 198, 199, 203, 204, 208, 209, 217, 218, 220, 221, 222, 223, 224, 225, 226, 227, 228, 229, 230, 231, 232, 233, 234, 235, 237, 238, 242, 243, 247, 248, 253, 254, 256, 257, 263, 264, 266, 267, 268, 269, 270, 271, 272, 273, 274, 275, 277, 278, 283, 284, 286, 287, 288, 289, 290, 291, 292, 293, 294, 295, 297, 298, 299, 300, 301, 302, 303, 304, 305, 306, 307, 309, 310, 315, 316, 321, 322, 323, 324, 325, 328, 329, 331, 332, 335, 336, 338, 339, 340, 341, 342, 343, 344, 345, 346, 347, 348, 349, 350, 351, 352, 353, 354, 355, 356, 357, 358, 359, 360, 361, 362, 363, 364, 365, 366, 367, 369, 370, 375, 376, 378, 379, 380, 386, 387, 397, 398, 399, 400, 401, 402, 403, 404, 405, 406, 407, 408, 409, 410, 411, 412, 413, 415, 416, 417, 418, 420, 421, 422, 423, 425, 426, 427, 429, 430, 432, 433, 434, 435, 436, 438, 439, 441, 442, 443, 444, 446, 447, 448, 450, 451, 452, 453, 454, 455, 457, 458, 459, 461, 462, 463, 465, 466, 467, 468, 469, 470, 471, 472, 474, 475, 476, 477, 478, 480, 481, 482, 483, 484, 486, 488, 489, 498, 499, 505, 506, 512, 513, 514, 516, 517, 518, 519, 520, 521, 523, 524, 525, 526, 527, 528, 534, 535, 540, 541, 542, 543, 545, 547, 548, 549, 550, 551, 553, 554, 556, 557, 558, 559, 562, 563, 565, 566, 567, 568, 569, 570, 571, 572, 573, 574, 577, 578, 580, 581, 582, 583, 586, 587, 593, 594, 595, 596, 599, 600, 602, 603, 604, 607, 608, 614, 615, 616, 617, 618, 619, 620, 621, 622, 623, 624, 625, 626, 627, 628, 629, 630, 631, 632, 633, 634, 635, 637, 638, 646, 647, 653, 654, 655, 657, 658, 659, 660, 661, 662, 663, 664, 665, 667, 668, 669, 670, 671, 672, 673, 674, 676, 677, 678, 679, 680, 681, 682, 683, 684, 686, 687, 688, 689, 691, 694, 695, 697, 698, 699, 700, 706, 707, 713, 714, 715, 716, 717, 718, 719, 722, 724, 725, 729, 730, 744, 745, 747, 748, 751, 752, 754, 755, 758, 759, 761, 762, 768, 770, 773, 775, 778, 780, 783, 785, 788, 793, 795, 801, 802, 804, 805, 806, 807, 808, 811, 812, 814, 815, 816, 817, 820, 821, 823, 824, 825, 826, 827, 829, 830, 831, 833, 834, 835, 836, 838, 840, 841, 842, 844, 845, 846, 847, 849, 850, 851, 853, 854, 858, 862, 866, 871, 872, 874, 875, 876, 879, 880, 882, 883, 884, 885, 886, 887, 888, 889, 890, 891, 892, 894, 895, 899, 905, 911, 916, 917, 919, 920, 921, 922, 924, 929, 930, 932, 933, 935], "summary": {"covered_lines": 544, "num_statements": 553, "percent_covered": 98.37251356238698, "percent_covered_display": "98.37", "missing_lines": 9, "excluded_lines": 0, "percent_statements_covered": 98.37251356238698, "percent_statements_covered_display": "98.37"}, "missing_lines": [18, 25, 28, 34, 35, 36, 37, 38, 790], "excluded_lines": []}}}}, "totals": {"covered_lines": 1493, "num_statements": 1909, "percent_covered": 78.20848611838659, "percent_covered_display": "78.21", "missing_lines": 416, "excluded_lines": 78, "percent_statements_covered": 78.20848611838659, "percent_statements_covered_display": "78.21"}}